[     166ms] [INFO] %cDownload the React DevTools for a better development experience: https://react.dev/link/react-devtools font-weight:bold @ http://localhost:5173/node_modules/.vite/deps/react-dom_client.js?v=8d75b2e0:14337
[     211ms] [ERROR] Failed to load resource: net::ERR_CONNECTION_REFUSED @ http://localhost:8083/ws-notifications/info?t=1782021889237:0
[     295ms] [ERROR] Failed to load resource: the server responded with a status of 401 () @ http://localhost:8081/api/notifications/usuario/fad5d0a9-d5aa-4ea1-a9bc-53785b7d1e2c:0
[     349ms] [ERROR] Failed to load resource: the server responded with a status of 401 () @ http://localhost:8081/api/notifications/usuario/fad5d0a9-d5aa-4ea1-a9bc-53785b7d1e2c:0
[    5213ms] [ERROR] Failed to load resource: net::ERR_CONNECTION_REFUSED @ http://localhost:8083/ws-notifications/info?t=1782021894251:0
[   10216ms] [ERROR] Failed to load resource: net::ERR_CONNECTION_REFUSED @ http://localhost:8083/ws-notifications/info?t=1782021899253:0
[   15220ms] [ERROR] Failed to load resource: net::ERR_CONNECTION_REFUSED @ http://localhost:8083/ws-notifications/info?t=1782021904256:0
[   20225ms] [ERROR] Failed to load resource: net::ERR_CONNECTION_REFUSED @ http://localhost:8083/ws-notifications/info?t=1782021909261:0
[  838574ms] [ERROR] Failed to load resource: net::ERR_CONNECTION_REFUSED @ http://localhost:8083/ws-notifications/info?t=1782022727608:0
[  838598ms] [ERROR] Failed to load resource: the server responded with a status of 401 () @ http://localhost:8081/api/notifications/usuario/fad5d0a9-d5aa-4ea1-a9bc-53785b7d1e2c:0
[  838616ms] [ERROR] Failed to load resource: the server responded with a status of 401 () @ http://localhost:8081/api/notifications/usuario/fad5d0a9-d5aa-4ea1-a9bc-53785b7d1e2c:0
[  843581ms] [ERROR] Failed to load resource: net::ERR_CONNECTION_REFUSED @ http://localhost:8083/ws-notifications/info?t=1782022732616:0
[  848582ms] [ERROR] Failed to load resource: net::ERR_CONNECTION_REFUSED @ http://localhost:8083/ws-notifications/info?t=1782022737621:0
[  853587ms] [ERROR] Failed to load resource: net::ERR_CONNECTION_REFUSED @ http://localhost:8083/ws-notifications/info?t=1782022742623:0
[  858589ms] [ERROR] Failed to load resource: net::ERR_CONNECTION_REFUSED @ http://localhost:8083/ws-notifications/info?t=1782022747627:0
[  863592ms] [ERROR] Failed to load resource: net::ERR_CONNECTION_REFUSED @ http://localhost:8083/ws-notifications/info?t=1782022752630:0
[  868594ms] [ERROR] Failed to load resource: net::ERR_CONNECTION_REFUSED @ http://localhost:8083/ws-notifications/info?t=1782022757632:0
[  873595ms] [ERROR] Failed to load resource: net::ERR_CONNECTION_REFUSED @ http://localhost:8083/ws-notifications/info?t=1782022762634:0
[  878600ms] [ERROR] Failed to load resource: net::ERR_CONNECTION_REFUSED @ http://localhost:8083/ws-notifications/info?t=1782022767636:0
[  883605ms] [ERROR] Failed to load resource: net::ERR_CONNECTION_REFUSED @ http://localhost:8083/ws-notifications/info?t=1782022772641:0
[  888610ms] [ERROR] Failed to load resource: net::ERR_CONNECTION_REFUSED @ http://localhost:8083/ws-notifications/info?t=1782022777646:0
[  893612ms] [ERROR] Failed to load resource: net::ERR_CONNECTION_REFUSED @ http://localhost:8083/ws-notifications/info?t=1782022782650:0
[  898616ms] [ERROR] Failed to load resource: net::ERR_CONNECTION_REFUSED @ http://localhost:8083/ws-notifications/info?t=1782022787652:0
[  903620ms] [ERROR] Failed to load resource: net::ERR_CONNECTION_REFUSED @ http://localhost:8083/ws-notifications/info?t=1782022792656:0
[  908624ms] [ERROR] Failed to load resource: net::ERR_CONNECTION_REFUSED @ http://localhost:8083/ws-notifications/info?t=1782022797660:0
[  913626ms] [ERROR] Failed to load resource: net::ERR_CONNECTION_REFUSED @ http://localhost:8083/ws-notifications/info?t=1782022802664:0
[  918630ms] [ERROR] Failed to load resource: net::ERR_CONNECTION_REFUSED @ http://localhost:8083/ws-notifications/info?t=1782022807667:0
[  923633ms] [ERROR] Failed to load resource: net::ERR_CONNECTION_REFUSED @ http://localhost:8083/ws-notifications/info?t=1782022812671:0
[  928637ms] [ERROR] Failed to load resource: net::ERR_CONNECTION_REFUSED @ http://localhost:8083/ws-notifications/info?t=1782022817673:0
[  933639ms] [ERROR] Failed to load resource: net::ERR_CONNECTION_REFUSED @ http://localhost:8083/ws-notifications/info?t=1782022822677:0
[  938640ms] [ERROR] Failed to load resource: net::ERR_CONNECTION_REFUSED @ http://localhost:8083/ws-notifications/info?t=1782022827679:0
[  943643ms] [ERROR] Failed to load resource: net::ERR_CONNECTION_REFUSED @ http://localhost:8083/ws-notifications/info?t=1782022832680:0
[  948645ms] [ERROR] Failed to load resource: net::ERR_CONNECTION_REFUSED @ http://localhost:8083/ws-notifications/info?t=1782022837683:0
[  953650ms] [ERROR] Failed to load resource: net::ERR_CONNECTION_REFUSED @ http://localhost:8083/ws-notifications/info?t=1782022842686:0
[  958652ms] [ERROR] Failed to load resource: net::ERR_CONNECTION_REFUSED @ http://localhost:8083/ws-notifications/info?t=1782022847690:0
[  963657ms] [ERROR] Failed to load resource: net::ERR_CONNECTION_REFUSED @ http://localhost:8083/ws-notifications/info?t=1782022852693:0
[  968658ms] [ERROR] Failed to load resource: net::ERR_CONNECTION_REFUSED @ http://localhost:8083/ws-notifications/info?t=1782022857697:0
[  973662ms] [ERROR] Failed to load resource: net::ERR_CONNECTION_REFUSED @ http://localhost:8083/ws-notifications/info?t=1782022862699:0
[  978664ms] [ERROR] Failed to load resource: net::ERR_CONNECTION_REFUSED @ http://localhost:8083/ws-notifications/info?t=1782022867702:0
[  983668ms] [ERROR] Failed to load resource: net::ERR_CONNECTION_REFUSED @ http://localhost:8083/ws-notifications/info?t=1782022872704:0
[  988673ms] [ERROR] Failed to load resource: net::ERR_CONNECTION_REFUSED @ http://localhost:8083/ws-notifications/info?t=1782022877709:0
[  993675ms] [ERROR] Failed to load resource: net::ERR_CONNECTION_REFUSED @ http://localhost:8083/ws-notifications/info?t=1782022882713:0
[  998713ms] [ERROR] Failed to load resource: net::ERR_CONNECTION_REFUSED @ http://localhost:8083/ws-notifications/info?t=1782022887716:0
[ 1003723ms] [ERROR] Failed to load resource: net::ERR_CONNECTION_REFUSED @ http://localhost:8083/ws-notifications/info?t=1782022892753:0
[ 1008728ms] [ERROR] Failed to load resource: net::ERR_CONNECTION_REFUSED @ http://localhost:8083/ws-notifications/info?t=1782022897763:0
[ 1013730ms] [ERROR] Failed to load resource: net::ERR_CONNECTION_REFUSED @ http://localhost:8083/ws-notifications/info?t=1782022902768:0
[ 1018734ms] [ERROR] Failed to load resource: net::ERR_CONNECTION_REFUSED @ http://localhost:8083/ws-notifications/info?t=1782022907770:0
[ 1023735ms] [ERROR] Failed to load resource: net::ERR_CONNECTION_REFUSED @ http://localhost:8083/ws-notifications/info?t=1782022912774:0
[ 1028737ms] [ERROR] Failed to load resource: net::ERR_CONNECTION_REFUSED @ http://localhost:8083/ws-notifications/info?t=1782022917775:0
[ 1033741ms] [ERROR] Failed to load resource: net::ERR_CONNECTION_REFUSED @ http://localhost:8083/ws-notifications/info?t=1782022922778:0
[ 1038747ms] [ERROR] Failed to load resource: net::ERR_CONNECTION_REFUSED @ http://localhost:8083/ws-notifications/info?t=1782022927783:0
[ 1043749ms] [ERROR] Failed to load resource: net::ERR_CONNECTION_REFUSED @ http://localhost:8083/ws-notifications/info?t=1782022932787:0
[ 1048751ms] [ERROR] Failed to load resource: net::ERR_CONNECTION_REFUSED @ http://localhost:8083/ws-notifications/info?t=1782022937789:0
[ 1053752ms] [ERROR] Failed to load resource: net::ERR_CONNECTION_REFUSED @ http://localhost:8083/ws-notifications/info?t=1782022942791:0
[ 1058755ms] [ERROR] Failed to load resource: net::ERR_CONNECTION_REFUSED @ http://localhost:8083/ws-notifications/info?t=1782022947792:0
[ 1063756ms] [ERROR] Failed to load resource: net::ERR_CONNECTION_REFUSED @ http://localhost:8083/ws-notifications/info?t=1782022952795:0
[ 1068758ms] [ERROR] Failed to load resource: net::ERR_CONNECTION_REFUSED @ http://localhost:8083/ws-notifications/info?t=1782022957796:0
[ 1073759ms] [ERROR] Failed to load resource: net::ERR_CONNECTION_REFUSED @ http://localhost:8083/ws-notifications/info?t=1782022962797:0
[ 1078761ms] [ERROR] Failed to load resource: net::ERR_CONNECTION_REFUSED @ http://localhost:8083/ws-notifications/info?t=1782022967799:0
[ 1083763ms] [ERROR] Failed to load resource: net::ERR_CONNECTION_REFUSED @ http://localhost:8083/ws-notifications/info?t=1782022972801:0
[ 1088765ms] [ERROR] Failed to load resource: net::ERR_CONNECTION_REFUSED @ http://localhost:8083/ws-notifications/info?t=1782022977803:0
[ 1093767ms] [ERROR] Failed to load resource: net::ERR_CONNECTION_REFUSED @ http://localhost:8083/ws-notifications/info?t=1782022982805:0
[ 1098772ms] [ERROR] Failed to load resource: net::ERR_CONNECTION_REFUSED @ http://localhost:8083/ws-notifications/info?t=1782022987808:0
[ 1103774ms] [ERROR] Failed to load resource: net::ERR_CONNECTION_REFUSED @ http://localhost:8083/ws-notifications/info?t=1782022992812:0
[ 1108779ms] [ERROR] Failed to load resource: net::ERR_CONNECTION_REFUSED @ http://localhost:8083/ws-notifications/info?t=1782022997815:0
[ 1113780ms] [ERROR] Failed to load resource: net::ERR_CONNECTION_REFUSED @ http://localhost:8083/ws-notifications/info?t=1782023002819:0
[ 1118782ms] [ERROR] Failed to load resource: net::ERR_CONNECTION_REFUSED @ http://localhost:8083/ws-notifications/info?t=1782023007820:0
[ 1123787ms] [ERROR] Failed to load resource: net::ERR_CONNECTION_REFUSED @ http://localhost:8083/ws-notifications/info?t=1782023012823:0
[ 1128791ms] [ERROR] Failed to load resource: net::ERR_CONNECTION_REFUSED @ http://localhost:8083/ws-notifications/info?t=1782023017827:0
[ 1133796ms] [ERROR] Failed to load resource: net::ERR_CONNECTION_REFUSED @ http://localhost:8083/ws-notifications/info?t=1782023022832:0
[ 1138798ms] [ERROR] Failed to load resource: net::ERR_CONNECTION_REFUSED @ http://localhost:8083/ws-notifications/info?t=1782023027836:0
[ 1143803ms] [ERROR] Failed to load resource: net::ERR_CONNECTION_REFUSED @ http://localhost:8083/ws-notifications/info?t=1782023032839:0
[ 1148807ms] [ERROR] Failed to load resource: net::ERR_CONNECTION_REFUSED @ http://localhost:8083/ws-notifications/info?t=1782023037843:0
[ 1153812ms] [ERROR] Failed to load resource: net::ERR_CONNECTION_REFUSED @ http://localhost:8083/ws-notifications/info?t=1782023042848:0
[ 1158817ms] [ERROR] Failed to load resource: net::ERR_CONNECTION_REFUSED @ http://localhost:8083/ws-notifications/info?t=1782023047853:0
[ 1163820ms] [ERROR] Failed to load resource: net::ERR_CONNECTION_REFUSED @ http://localhost:8083/ws-notifications/info?t=1782023052857:0
[ 1168825ms] [ERROR] Failed to load resource: net::ERR_CONNECTION_REFUSED @ http://localhost:8083/ws-notifications/info?t=1782023057860:0
[ 1173827ms] [ERROR] Failed to load resource: net::ERR_CONNECTION_REFUSED @ http://localhost:8083/ws-notifications/info?t=1782023062865:0
[ 1178828ms] [ERROR] Failed to load resource: net::ERR_CONNECTION_REFUSED @ http://localhost:8083/ws-notifications/info?t=1782023067866:0
[ 1183830ms] [ERROR] Failed to load resource: net::ERR_CONNECTION_REFUSED @ http://localhost:8083/ws-notifications/info?t=1782023072868:0
[ 1188834ms] [ERROR] Failed to load resource: net::ERR_CONNECTION_REFUSED @ http://localhost:8083/ws-notifications/info?t=1782023077870:0
[ 1193836ms] [ERROR] Failed to load resource: net::ERR_CONNECTION_REFUSED @ http://localhost:8083/ws-notifications/info?t=1782023082874:0
[ 1198840ms] [ERROR] Failed to load resource: net::ERR_CONNECTION_REFUSED @ http://localhost:8083/ws-notifications/info?t=1782023087876:0
[ 1203845ms] [ERROR] Failed to load resource: net::ERR_CONNECTION_REFUSED @ http://localhost:8083/ws-notifications/info?t=1782023092880:0
[ 1208889ms] [ERROR] Failed to load resource: net::ERR_CONNECTION_REFUSED @ http://localhost:8083/ws-notifications/info?t=1782023097885:0
[ 1213894ms] [ERROR] Failed to load resource: net::ERR_CONNECTION_REFUSED @ http://localhost:8083/ws-notifications/info?t=1782023102930:0
[ 1218895ms] [ERROR] Failed to load resource: net::ERR_CONNECTION_REFUSED @ http://localhost:8083/ws-notifications/info?t=1782023107934:0
[ 1223897ms] [ERROR] Failed to load resource: net::ERR_CONNECTION_REFUSED @ http://localhost:8083/ws-notifications/info?t=1782023112935:0
[ 1228901ms] [ERROR] Failed to load resource: net::ERR_CONNECTION_REFUSED @ http://localhost:8083/ws-notifications/info?t=1782023117937:0
[ 1233906ms] [ERROR] Failed to load resource: net::ERR_CONNECTION_REFUSED @ http://localhost:8083/ws-notifications/info?t=1782023122942:0
[ 1238911ms] [ERROR] Failed to load resource: net::ERR_CONNECTION_REFUSED @ http://localhost:8083/ws-notifications/info?t=1782023127947:0
[ 1243913ms] [ERROR] Failed to load resource: net::ERR_CONNECTION_REFUSED @ http://localhost:8083/ws-notifications/info?t=1782023132951:0
[ 1248920ms] [ERROR] Failed to load resource: net::ERR_CONNECTION_REFUSED @ http://localhost:8083/ws-notifications/info?t=1782023137953:0
[ 1253923ms] [ERROR] Failed to load resource: net::ERR_CONNECTION_REFUSED @ http://localhost:8083/ws-notifications/info?t=1782023142960:0
[ 1258925ms] [ERROR] Failed to load resource: net::ERR_CONNECTION_REFUSED @ http://localhost:8083/ws-notifications/info?t=1782023147963:0
[ 1263927ms] [ERROR] Failed to load resource: net::ERR_CONNECTION_REFUSED @ http://localhost:8083/ws-notifications/info?t=1782023152965:0
[ 1268928ms] [ERROR] Failed to load resource: net::ERR_CONNECTION_REFUSED @ http://localhost:8083/ws-notifications/info?t=1782023157966:0
[ 1273933ms] [ERROR] Failed to load resource: net::ERR_CONNECTION_REFUSED @ http://localhost:8083/ws-notifications/info?t=1782023162969:0
[ 1278937ms] [ERROR] Failed to load resource: net::ERR_CONNECTION_REFUSED @ http://localhost:8083/ws-notifications/info?t=1782023167973:0
[ 1283940ms] [ERROR] Failed to load resource: net::ERR_CONNECTION_REFUSED @ http://localhost:8083/ws-notifications/info?t=1782023172978:0
[ 1288944ms] [ERROR] Failed to load resource: net::ERR_CONNECTION_REFUSED @ http://localhost:8083/ws-notifications/info?t=1782023177980:0
[ 1293949ms] [ERROR] Failed to load resource: net::ERR_CONNECTION_REFUSED @ http://localhost:8083/ws-notifications/info?t=1782023182985:0
[ 1298954ms] [ERROR] Failed to load resource: net::ERR_CONNECTION_REFUSED @ http://localhost:8083/ws-notifications/info?t=1782023187990:0
[ 1303956ms] [ERROR] Failed to load resource: net::ERR_CONNECTION_REFUSED @ http://localhost:8083/ws-notifications/info?t=1782023192994:0
[ 1308960ms] [ERROR] Failed to load resource: net::ERR_CONNECTION_REFUSED @ http://localhost:8083/ws-notifications/info?t=1782023197996:0
[ 1313965ms] [ERROR] Failed to load resource: net::ERR_CONNECTION_REFUSED @ http://localhost:8083/ws-notifications/info?t=1782023203001:0
[ 1318970ms] [ERROR] Failed to load resource: net::ERR_CONNECTION_REFUSED @ http://localhost:8083/ws-notifications/info?t=1782023208006:0
[ 1324019ms] [ERROR] Failed to load resource: net::ERR_CONNECTION_REFUSED @ http://localhost:8083/ws-notifications/info?t=1782023213011:0
[ 1329074ms] [ERROR] Failed to load resource: net::ERR_CONNECTION_REFUSED @ http://localhost:8083/ws-notifications/info?t=1782023218059:0
[ 1334076ms] [ERROR] Failed to load resource: net::ERR_CONNECTION_REFUSED @ http://localhost:8083/ws-notifications/info?t=1782023223114:0
[ 1339081ms] [ERROR] Failed to load resource: net::ERR_CONNECTION_REFUSED @ http://localhost:8083/ws-notifications/info?t=1782023228116:0
[ 1344083ms] [ERROR] Failed to load resource: net::ERR_CONNECTION_REFUSED @ http://localhost:8083/ws-notifications/info?t=1782023233121:0
[ 1349084ms] [ERROR] Failed to load resource: net::ERR_CONNECTION_REFUSED @ http://localhost:8083/ws-notifications/info?t=1782023238123:0
[ 1354089ms] [ERROR] Failed to load resource: net::ERR_CONNECTION_REFUSED @ http://localhost:8083/ws-notifications/info?t=1782023243125:0
[ 1359092ms] [ERROR] Failed to load resource: net::ERR_CONNECTION_REFUSED @ http://localhost:8083/ws-notifications/info?t=1782023248129:0
[ 1364096ms] [ERROR] Failed to load resource: net::ERR_CONNECTION_REFUSED @ http://localhost:8083/ws-notifications/info?t=1782023253132:0
[ 1369098ms] [ERROR] Failed to load resource: net::ERR_CONNECTION_REFUSED @ http://localhost:8083/ws-notifications/info?t=1782023258136:0
[ 1374103ms] [ERROR] Failed to load resource: net::ERR_CONNECTION_REFUSED @ http://localhost:8083/ws-notifications/info?t=1782023263139:0
[ 1379104ms] [ERROR] Failed to load resource: net::ERR_CONNECTION_REFUSED @ http://localhost:8083/ws-notifications/info?t=1782023268143:0
[ 1384106ms] [ERROR] Failed to load resource: net::ERR_CONNECTION_REFUSED @ http://localhost:8083/ws-notifications/info?t=1782023273144:0
[ 1389111ms] [ERROR] Failed to load resource: net::ERR_CONNECTION_REFUSED @ http://localhost:8083/ws-notifications/info?t=1782023278147:0
[ 1394112ms] [ERROR] Failed to load resource: net::ERR_CONNECTION_REFUSED @ http://localhost:8083/ws-notifications/info?t=1782023283151:0
[ 1399117ms] [ERROR] Failed to load resource: net::ERR_CONNECTION_REFUSED @ http://localhost:8083/ws-notifications/info?t=1782023288153:0
[ 1404118ms] [ERROR] Failed to load resource: net::ERR_CONNECTION_REFUSED @ http://localhost:8083/ws-notifications/info?t=1782023293157:0
[ 1409123ms] [ERROR] Failed to load resource: net::ERR_CONNECTION_REFUSED @ http://localhost:8083/ws-notifications/info?t=1782023298159:0
[ 1414128ms] [ERROR] Failed to load resource: net::ERR_CONNECTION_REFUSED @ http://localhost:8083/ws-notifications/info?t=1782023303164:0
[ 1419133ms] [ERROR] Failed to load resource: net::ERR_CONNECTION_REFUSED @ http://localhost:8083/ws-notifications/info?t=1782023308168:0
[ 1424137ms] [ERROR] Failed to load resource: net::ERR_CONNECTION_REFUSED @ http://localhost:8083/ws-notifications/info?t=1782023313173:0
[ 1429142ms] [ERROR] Failed to load resource: net::ERR_CONNECTION_REFUSED @ http://localhost:8083/ws-notifications/info?t=1782023318178:0
[ 1434144ms] [ERROR] Failed to load resource: net::ERR_CONNECTION_REFUSED @ http://localhost:8083/ws-notifications/info?t=1782023323182:0
[ 1439148ms] [ERROR] Failed to load resource: net::ERR_CONNECTION_REFUSED @ http://localhost:8083/ws-notifications/info?t=1782023328185:0
[ 1444154ms] [ERROR] Failed to load resource: net::ERR_CONNECTION_REFUSED @ http://localhost:8083/ws-notifications/info?t=1782023333189:0
[ 1449155ms] [ERROR] Failed to load resource: net::ERR_CONNECTION_REFUSED @ http://localhost:8083/ws-notifications/info?t=1782023338194:0
[ 1454157ms] [ERROR] Failed to load resource: net::ERR_CONNECTION_REFUSED @ http://localhost:8083/ws-notifications/info?t=1782023343195:0
[ 1459162ms] [ERROR] Failed to load resource: net::ERR_CONNECTION_REFUSED @ http://localhost:8083/ws-notifications/info?t=1782023348198:0
[ 1464163ms] [ERROR] Failed to load resource: net::ERR_CONNECTION_REFUSED @ http://localhost:8083/ws-notifications/info?t=1782023353202:0
[ 1469168ms] [ERROR] Failed to load resource: net::ERR_CONNECTION_REFUSED @ http://localhost:8083/ws-notifications/info?t=1782023358204:0
[ 1474173ms] [ERROR] Failed to load resource: net::ERR_CONNECTION_REFUSED @ http://localhost:8083/ws-notifications/info?t=1782023363209:0
[ 1479174ms] [ERROR] Failed to load resource: net::ERR_CONNECTION_REFUSED @ http://localhost:8083/ws-notifications/info?t=1782023368213:0
[ 1484176ms] [ERROR] Failed to load resource: net::ERR_CONNECTION_REFUSED @ http://localhost:8083/ws-notifications/info?t=1782023373214:0
[ 1489180ms] [ERROR] Failed to load resource: net::ERR_CONNECTION_REFUSED @ http://localhost:8083/ws-notifications/info?t=1782023378216:0
[ 1494185ms] [ERROR] Failed to load resource: net::ERR_CONNECTION_REFUSED @ http://localhost:8083/ws-notifications/info?t=1782023383221:0
[ 1499188ms] [ERROR] Failed to load resource: net::ERR_CONNECTION_REFUSED @ http://localhost:8083/ws-notifications/info?t=1782023388225:0
[ 1504189ms] [ERROR] Failed to load resource: net::ERR_CONNECTION_REFUSED @ http://localhost:8083/ws-notifications/info?t=1782023393228:0
[ 1509193ms] [ERROR] Failed to load resource: net::ERR_CONNECTION_REFUSED @ http://localhost:8083/ws-notifications/info?t=1782023398230:0
[ 1514195ms] [ERROR] Failed to load resource: net::ERR_CONNECTION_REFUSED @ http://localhost:8083/ws-notifications/info?t=1782023403233:0
[ 1519197ms] [ERROR] Failed to load resource: net::ERR_CONNECTION_REFUSED @ http://localhost:8083/ws-notifications/info?t=1782023408235:0
[ 1524199ms] [ERROR] Failed to load resource: net::ERR_CONNECTION_REFUSED @ http://localhost:8083/ws-notifications/info?t=1782023413237:0
[ 1529201ms] [ERROR] Failed to load resource: net::ERR_CONNECTION_REFUSED @ http://localhost:8083/ws-notifications/info?t=1782023418239:0
[ 1534205ms] [ERROR] Failed to load resource: net::ERR_CONNECTION_REFUSED @ http://localhost:8083/ws-notifications/info?t=1782023423241:0
[ 1539207ms] [ERROR] Failed to load resource: net::ERR_CONNECTION_REFUSED @ http://localhost:8083/ws-notifications/info?t=1782023428246:0
[ 1544212ms] [ERROR] Failed to load resource: net::ERR_CONNECTION_REFUSED @ http://localhost:8083/ws-notifications/info?t=1782023433248:0
[ 1549214ms] [ERROR] Failed to load resource: net::ERR_CONNECTION_REFUSED @ http://localhost:8083/ws-notifications/info?t=1782023438252:0
[ 1554219ms] [ERROR] Failed to load resource: net::ERR_CONNECTION_REFUSED @ http://localhost:8083/ws-notifications/info?t=1782023443255:0
[ 1559223ms] [ERROR] Failed to load resource: net::ERR_CONNECTION_REFUSED @ http://localhost:8083/ws-notifications/info?t=1782023448260:0
[ 1564229ms] [ERROR] Failed to load resource: net::ERR_CONNECTION_REFUSED @ http://localhost:8083/ws-notifications/info?t=1782023453264:0
[ 1569233ms] [ERROR] Failed to load resource: net::ERR_CONNECTION_REFUSED @ http://localhost:8083/ws-notifications/info?t=1782023458269:0
[ 1574238ms] [ERROR] Failed to load resource: net::ERR_CONNECTION_REFUSED @ http://localhost:8083/ws-notifications/info?t=1782023463274:0
[ 1579240ms] [ERROR] Failed to load resource: net::ERR_CONNECTION_REFUSED @ http://localhost:8083/ws-notifications/info?t=1782023468278:0
[ 1584241ms] [ERROR] Failed to load resource: net::ERR_CONNECTION_REFUSED @ http://localhost:8083/ws-notifications/info?t=1782023473280:0
[ 1589252ms] [ERROR] Failed to load resource: net::ERR_CONNECTION_REFUSED @ http://localhost:8083/ws-notifications/info?t=1782023478282:0
[ 1594255ms] [ERROR] Failed to load resource: net::ERR_CONNECTION_REFUSED @ http://localhost:8083/ws-notifications/info?t=1782023483293:0
[ 1599257ms] [ERROR] Failed to load resource: net::ERR_CONNECTION_REFUSED @ http://localhost:8083/ws-notifications/info?t=1782023488295:0
[ 1604262ms] [ERROR] Failed to load resource: net::ERR_CONNECTION_REFUSED @ http://localhost:8083/ws-notifications/info?t=1782023493298:0
[ 1609272ms] [ERROR] Failed to load resource: net::ERR_CONNECTION_REFUSED @ http://localhost:8083/ws-notifications/info?t=1782023498302:0
[ 1614276ms] [ERROR] Failed to load resource: net::ERR_CONNECTION_REFUSED @ http://localhost:8083/ws-notifications/info?t=1782023503312:0
[ 1619278ms] [ERROR] Failed to load resource: net::ERR_CONNECTION_REFUSED @ http://localhost:8083/ws-notifications/info?t=1782023508317:0
[ 1624280ms] [ERROR] Failed to load resource: net::ERR_CONNECTION_REFUSED @ http://localhost:8083/ws-notifications/info?t=1782023513318:0
[ 1629282ms] [ERROR] Failed to load resource: net::ERR_CONNECTION_REFUSED @ http://localhost:8083/ws-notifications/info?t=1782023518320:0
[ 1634285ms] [ERROR] Failed to load resource: net::ERR_CONNECTION_REFUSED @ http://localhost:8083/ws-notifications/info?t=1782023523322:0
[ 1639288ms] [ERROR] Failed to load resource: net::ERR_CONNECTION_REFUSED @ http://localhost:8083/ws-notifications/info?t=1782023528325:0
[ 1644290ms] [ERROR] Failed to load resource: net::ERR_CONNECTION_REFUSED @ http://localhost:8083/ws-notifications/info?t=1782023533328:0
[ 1649293ms] [ERROR] Failed to load resource: net::ERR_CONNECTION_REFUSED @ http://localhost:8083/ws-notifications/info?t=1782023538330:0
[ 1654297ms] [ERROR] Failed to load resource: net::ERR_CONNECTION_REFUSED @ http://localhost:8083/ws-notifications/info?t=1782023543333:0
[ 1659302ms] [ERROR] Failed to load resource: net::ERR_CONNECTION_REFUSED @ http://localhost:8083/ws-notifications/info?t=1782023548338:0
[ 1664305ms] [ERROR] Failed to load resource: net::ERR_CONNECTION_REFUSED @ http://localhost:8083/ws-notifications/info?t=1782023553342:0
[ 1669308ms] [ERROR] Failed to load resource: net::ERR_CONNECTION_REFUSED @ http://localhost:8083/ws-notifications/info?t=1782023558346:0
[ 1674313ms] [ERROR] Failed to load resource: net::ERR_CONNECTION_REFUSED @ http://localhost:8083/ws-notifications/info?t=1782023563349:0
[ 1679317ms] [ERROR] Failed to load resource: net::ERR_CONNECTION_REFUSED @ http://localhost:8083/ws-notifications/info?t=1782023568354:0
[ 1684319ms] [ERROR] Failed to load resource: net::ERR_CONNECTION_REFUSED @ http://localhost:8083/ws-notifications/info?t=1782023573358:0
[ 1689324ms] [ERROR] Failed to load resource: net::ERR_CONNECTION_REFUSED @ http://localhost:8083/ws-notifications/info?t=1782023578360:0
[ 1694329ms] [ERROR] Failed to load resource: net::ERR_CONNECTION_REFUSED @ http://localhost:8083/ws-notifications/info?t=1782023583364:0
[ 1699331ms] [ERROR] Failed to load resource: net::ERR_CONNECTION_REFUSED @ http://localhost:8083/ws-notifications/info?t=1782023588369:0
[ 1704340ms] [ERROR] Failed to load resource: net::ERR_CONNECTION_REFUSED @ http://localhost:8083/ws-notifications/info?t=1782023593371:0
[ 1709348ms] [ERROR] Failed to load resource: net::ERR_CONNECTION_REFUSED @ http://localhost:8083/ws-notifications/info?t=1782023598380:0
[ 1714351ms] [ERROR] Failed to load resource: net::ERR_CONNECTION_REFUSED @ http://localhost:8083/ws-notifications/info?t=1782023603388:0
[ 1719355ms] [ERROR] Failed to load resource: net::ERR_CONNECTION_REFUSED @ http://localhost:8083/ws-notifications/info?t=1782023608392:0
[ 1724360ms] [ERROR] Failed to load resource: net::ERR_CONNECTION_REFUSED @ http://localhost:8083/ws-notifications/info?t=1782023613395:0
[ 1729365ms] [ERROR] Failed to load resource: net::ERR_CONNECTION_REFUSED @ http://localhost:8083/ws-notifications/info?t=1782023618400:0
[ 1734366ms] [ERROR] Failed to load resource: net::ERR_CONNECTION_REFUSED @ http://localhost:8083/ws-notifications/info?t=1782023623405:0
[ 1739371ms] [ERROR] Failed to load resource: net::ERR_CONNECTION_REFUSED @ http://localhost:8083/ws-notifications/info?t=1782023628407:0
[ 1744372ms] [ERROR] Failed to load resource: net::ERR_CONNECTION_REFUSED @ http://localhost:8083/ws-notifications/info?t=1782023633411:0
[ 1749377ms] [ERROR] Failed to load resource: net::ERR_CONNECTION_REFUSED @ http://localhost:8083/ws-notifications/info?t=1782023638413:0
[ 1754379ms] [ERROR] Failed to load resource: net::ERR_CONNECTION_REFUSED @ http://localhost:8083/ws-notifications/info?t=1782023643417:0
[ 1759384ms] [ERROR] Failed to load resource: net::ERR_CONNECTION_REFUSED @ http://localhost:8083/ws-notifications/info?t=1782023648419:0
[ 1764388ms] [ERROR] Failed to load resource: net::ERR_CONNECTION_REFUSED @ http://localhost:8083/ws-notifications/info?t=1782023653424:0
[ 1769390ms] [ERROR] Failed to load resource: net::ERR_CONNECTION_REFUSED @ http://localhost:8083/ws-notifications/info?t=1782023658428:0
[ 1774392ms] [ERROR] Failed to load resource: net::ERR_CONNECTION_REFUSED @ http://localhost:8083/ws-notifications/info?t=1782023663430:0
[ 1779396ms] [ERROR] Failed to load resource: net::ERR_CONNECTION_REFUSED @ http://localhost:8083/ws-notifications/info?t=1782023668432:0
[ 1784401ms] [ERROR] Failed to load resource: net::ERR_CONNECTION_REFUSED @ http://localhost:8083/ws-notifications/info?t=1782023673437:0
[ 1789405ms] [ERROR] Failed to load resource: net::ERR_CONNECTION_REFUSED @ http://localhost:8083/ws-notifications/info?t=1782023678441:0
[ 1794407ms] [ERROR] Failed to load resource: net::ERR_CONNECTION_REFUSED @ http://localhost:8083/ws-notifications/info?t=1782023683445:0
[ 1799409ms] [ERROR] Failed to load resource: net::ERR_CONNECTION_REFUSED @ http://localhost:8083/ws-notifications/info?t=1782023688447:0
[ 1804411ms] [ERROR] Failed to load resource: net::ERR_CONNECTION_REFUSED @ http://localhost:8083/ws-notifications/info?t=1782023693449:0
[ 1809412ms] [ERROR] Failed to load resource: net::ERR_CONNECTION_REFUSED @ http://localhost:8083/ws-notifications/info?t=1782023698450:0
[ 1814417ms] [ERROR] Failed to load resource: net::ERR_CONNECTION_REFUSED @ http://localhost:8083/ws-notifications/info?t=1782023703452:0
[ 1819421ms] [ERROR] Failed to load resource: net::ERR_CONNECTION_REFUSED @ http://localhost:8083/ws-notifications/info?t=1782023708459:0
[ 1824423ms] [ERROR] Failed to load resource: net::ERR_CONNECTION_REFUSED @ http://localhost:8083/ws-notifications/info?t=1782023713461:0
[ 1829428ms] [ERROR] Failed to load resource: net::ERR_CONNECTION_REFUSED @ http://localhost:8083/ws-notifications/info?t=1782023718464:0
[ 1834432ms] [ERROR] Failed to load resource: net::ERR_CONNECTION_REFUSED @ http://localhost:8083/ws-notifications/info?t=1782023723468:0
[ 1839434ms] [ERROR] Failed to load resource: net::ERR_CONNECTION_REFUSED @ http://localhost:8083/ws-notifications/info?t=1782023728472:0
[ 1844437ms] [ERROR] Failed to load resource: net::ERR_CONNECTION_REFUSED @ http://localhost:8083/ws-notifications/info?t=1782023733474:0
[ 1849442ms] [ERROR] Failed to load resource: net::ERR_CONNECTION_REFUSED @ http://localhost:8083/ws-notifications/info?t=1782023738477:0
[ 1854447ms] [ERROR] Failed to load resource: net::ERR_CONNECTION_REFUSED @ http://localhost:8083/ws-notifications/info?t=1782023743482:0
[ 1859451ms] [ERROR] Failed to load resource: net::ERR_CONNECTION_REFUSED @ http://localhost:8083/ws-notifications/info?t=1782023748487:0
[ 1864453ms] [ERROR] Failed to load resource: net::ERR_CONNECTION_REFUSED @ http://localhost:8083/ws-notifications/info?t=1782023753491:0
[ 1869457ms] [ERROR] Failed to load resource: net::ERR_CONNECTION_REFUSED @ http://localhost:8083/ws-notifications/info?t=1782023758493:0
[ 1874462ms] [ERROR] Failed to load resource: net::ERR_CONNECTION_REFUSED @ http://localhost:8083/ws-notifications/info?t=1782023763498:0
[ 1879464ms] [ERROR] Failed to load resource: net::ERR_CONNECTION_REFUSED @ http://localhost:8083/ws-notifications/info?t=1782023768502:0
[ 1884468ms] [ERROR] Failed to load resource: net::ERR_CONNECTION_REFUSED @ http://localhost:8083/ws-notifications/info?t=1782023773504:0
[ 1889470ms] [ERROR] Failed to load resource: net::ERR_CONNECTION_REFUSED @ http://localhost:8083/ws-notifications/info?t=1782023778508:0
[ 1894474ms] [ERROR] Failed to load resource: net::ERR_CONNECTION_REFUSED @ http://localhost:8083/ws-notifications/info?t=1782023783510:0
[ 1899476ms] [ERROR] Failed to load resource: net::ERR_CONNECTION_REFUSED @ http://localhost:8083/ws-notifications/info?t=1782023788514:0
[ 1904480ms] [ERROR] Failed to load resource: net::ERR_CONNECTION_REFUSED @ http://localhost:8083/ws-notifications/info?t=1782023793516:0
[ 1909483ms] [ERROR] Failed to load resource: net::ERR_CONNECTION_REFUSED @ http://localhost:8083/ws-notifications/info?t=1782023798521:0
[ 1914485ms] [ERROR] Failed to load resource: net::ERR_CONNECTION_REFUSED @ http://localhost:8083/ws-notifications/info?t=1782023803523:0
[ 1919486ms] [ERROR] Failed to load resource: net::ERR_CONNECTION_REFUSED @ http://localhost:8083/ws-notifications/info?t=1782023808525:0
[ 1924488ms] [ERROR] Failed to load resource: net::ERR_CONNECTION_REFUSED @ http://localhost:8083/ws-notifications/info?t=1782023813526:0
[ 1929492ms] [ERROR] Failed to load resource: net::ERR_CONNECTION_REFUSED @ http://localhost:8083/ws-notifications/info?t=1782023818529:0
[ 1934496ms] [ERROR] Failed to load resource: net::ERR_CONNECTION_REFUSED @ http://localhost:8083/ws-notifications/info?t=1782023823532:0
[ 1939498ms] [ERROR] Failed to load resource: net::ERR_CONNECTION_REFUSED @ http://localhost:8083/ws-notifications/info?t=1782023828537:0
[ 1944503ms] [ERROR] Failed to load resource: net::ERR_CONNECTION_REFUSED @ http://localhost:8083/ws-notifications/info?t=1782023833539:0
[ 1949507ms] [ERROR] Failed to load resource: net::ERR_CONNECTION_REFUSED @ http://localhost:8083/ws-notifications/info?t=1782023838544:0
[ 1954511ms] [ERROR] Failed to load resource: net::ERR_CONNECTION_REFUSED @ http://localhost:8083/ws-notifications/info?t=1782023843548:0
[ 1959514ms] [ERROR] Failed to load resource: net::ERR_CONNECTION_REFUSED @ http://localhost:8083/ws-notifications/info?t=1782023848551:0
[ 1964515ms] [ERROR] Failed to load resource: net::ERR_CONNECTION_REFUSED @ http://localhost:8083/ws-notifications/info?t=1782023853554:0
[ 1969518ms] [ERROR] Failed to load resource: net::ERR_CONNECTION_REFUSED @ http://localhost:8083/ws-notifications/info?t=1782023858555:0
[ 1974522ms] [ERROR] Failed to load resource: net::ERR_CONNECTION_REFUSED @ http://localhost:8083/ws-notifications/info?t=1782023863558:0
[ 1979525ms] [ERROR] Failed to load resource: net::ERR_CONNECTION_REFUSED @ http://localhost:8083/ws-notifications/info?t=1782023868563:0
[ 1984527ms] [ERROR] Failed to load resource: net::ERR_CONNECTION_REFUSED @ http://localhost:8083/ws-notifications/info?t=1782023873565:0
[ 1989528ms] [ERROR] Failed to load resource: net::ERR_CONNECTION_REFUSED @ http://localhost:8083/ws-notifications/info?t=1782023878566:0
[ 1994533ms] [ERROR] Failed to load resource: net::ERR_CONNECTION_REFUSED @ http://localhost:8083/ws-notifications/info?t=1782023883569:0
[ 1999534ms] [ERROR] Failed to load resource: net::ERR_CONNECTION_REFUSED @ http://localhost:8083/ws-notifications/info?t=1782023888573:0
[ 2004536ms] [ERROR] Failed to load resource: net::ERR_CONNECTION_REFUSED @ http://localhost:8083/ws-notifications/info?t=1782023893574:0
[ 2009541ms] [ERROR] Failed to load resource: net::ERR_CONNECTION_REFUSED @ http://localhost:8083/ws-notifications/info?t=1782023898577:0
[ 2014543ms] [ERROR] Failed to load resource: net::ERR_CONNECTION_REFUSED @ http://localhost:8083/ws-notifications/info?t=1782023903581:0
[ 2019548ms] [ERROR] Failed to load resource: net::ERR_CONNECTION_REFUSED @ http://localhost:8083/ws-notifications/info?t=1782023908584:0
[ 2024550ms] [ERROR] Failed to load resource: net::ERR_CONNECTION_REFUSED @ http://localhost:8083/ws-notifications/info?t=1782023913588:0
[ 2029555ms] [ERROR] Failed to load resource: net::ERR_CONNECTION_REFUSED @ http://localhost:8083/ws-notifications/info?t=1782023918590:0
[ 2034557ms] [ERROR] Failed to load resource: net::ERR_CONNECTION_REFUSED @ http://localhost:8083/ws-notifications/info?t=1782023923595:0
[ 2039559ms] [ERROR] Failed to load resource: net::ERR_CONNECTION_REFUSED @ http://localhost:8083/ws-notifications/info?t=1782023928597:0
[ 2044561ms] [ERROR] Failed to load resource: net::ERR_CONNECTION_REFUSED @ http://localhost:8083/ws-notifications/info?t=1782023933599:0
[ 2049565ms] [ERROR] Failed to load resource: net::ERR_CONNECTION_REFUSED @ http://localhost:8083/ws-notifications/info?t=1782023938601:0
[ 2054570ms] [ERROR] Failed to load resource: net::ERR_CONNECTION_REFUSED @ http://localhost:8083/ws-notifications/info?t=1782023943606:0
[ 2059572ms] [ERROR] Failed to load resource: net::ERR_CONNECTION_REFUSED @ http://localhost:8083/ws-notifications/info?t=1782023948610:0
[ 2064582ms] [ERROR] Failed to load resource: net::ERR_CONNECTION_REFUSED @ http://localhost:8083/ws-notifications/info?t=1782023953612:0
[ 2069584ms] [ERROR] Failed to load resource: net::ERR_CONNECTION_REFUSED @ http://localhost:8083/ws-notifications/info?t=1782023958622:0
[ 2074624ms] [ERROR] Failed to load resource: net::ERR_CONNECTION_REFUSED @ http://localhost:8083/ws-notifications/info?t=1782023963624:0
[ 2079628ms] [ERROR] Failed to load resource: net::ERR_CONNECTION_REFUSED @ http://localhost:8083/ws-notifications/info?t=1782023968664:0
[ 2084632ms] [ERROR] Failed to load resource: net::ERR_CONNECTION_REFUSED @ http://localhost:8083/ws-notifications/info?t=1782023973669:0
[ 2089633ms] [ERROR] Failed to load resource: net::ERR_CONNECTION_REFUSED @ http://localhost:8083/ws-notifications/info?t=1782023978672:0
[ 2094637ms] [ERROR] Failed to load resource: net::ERR_CONNECTION_REFUSED @ http://localhost:8083/ws-notifications/info?t=1782023983674:0
[ 2099642ms] [ERROR] Failed to load resource: net::ERR_CONNECTION_REFUSED @ http://localhost:8083/ws-notifications/info?t=1782023988678:0
[ 2104644ms] [ERROR] Failed to load resource: net::ERR_CONNECTION_REFUSED @ http://localhost:8083/ws-notifications/info?t=1782023993682:0
[ 2109647ms] [ERROR] Failed to load resource: net::ERR_CONNECTION_REFUSED @ http://localhost:8083/ws-notifications/info?t=1782023998684:0
[ 2114682ms] [ERROR] Failed to load resource: net::ERR_CONNECTION_REFUSED @ http://localhost:8083/ws-notifications/info?t=1782024003720:0
[ 2119687ms] [ERROR] Failed to load resource: net::ERR_CONNECTION_REFUSED @ http://localhost:8083/ws-notifications/info?t=1782024008722:0
[ 2124691ms] [ERROR] Failed to load resource: net::ERR_CONNECTION_REFUSED @ http://localhost:8083/ws-notifications/info?t=1782024013727:0
[ 2129693ms] [ERROR] Failed to load resource: net::ERR_CONNECTION_REFUSED @ http://localhost:8083/ws-notifications/info?t=1782024018732:0
[ 2134695ms] [ERROR] Failed to load resource: net::ERR_CONNECTION_REFUSED @ http://localhost:8083/ws-notifications/info?t=1782024023733:0
[ 2139720ms] [ERROR] Failed to load resource: net::ERR_CONNECTION_REFUSED @ http://localhost:8083/ws-notifications/info?t=1782024028735:0
[ 2144733ms] [ERROR] Failed to load resource: net::ERR_CONNECTION_REFUSED @ http://localhost:8083/ws-notifications/info?t=1782024033771:0
[ 2149735ms] [ERROR] Failed to load resource: net::ERR_CONNECTION_REFUSED @ http://localhost:8083/ws-notifications/info?t=1782024038773:0
[ 2154738ms] [ERROR] Failed to load resource: net::ERR_CONNECTION_REFUSED @ http://localhost:8083/ws-notifications/info?t=1782024043775:0
[ 2159746ms] [ERROR] Failed to load resource: net::ERR_CONNECTION_REFUSED @ http://localhost:8083/ws-notifications/info?t=1782024048778:0
[ 2164779ms] [ERROR] Failed to load resource: net::ERR_CONNECTION_REFUSED @ http://localhost:8083/ws-notifications/info?t=1782024053786:0
[ 2169782ms] [ERROR] Failed to load resource: net::ERR_CONNECTION_REFUSED @ http://localhost:8083/ws-notifications/info?t=1782024058819:0
[ 2174784ms] [ERROR] Failed to load resource: net::ERR_CONNECTION_REFUSED @ http://localhost:8083/ws-notifications/info?t=1782024063822:0
[ 2179793ms] [ERROR] Failed to load resource: net::ERR_CONNECTION_REFUSED @ http://localhost:8083/ws-notifications/info?t=1782024068824:0
[ 2184798ms] [ERROR] Failed to load resource: net::ERR_CONNECTION_REFUSED @ http://localhost:8083/ws-notifications/info?t=1782024073833:0
[ 2189799ms] [ERROR] Failed to load resource: net::ERR_CONNECTION_REFUSED @ http://localhost:8083/ws-notifications/info?t=1782024078838:0
[ 2194801ms] [ERROR] Failed to load resource: net::ERR_CONNECTION_REFUSED @ http://localhost:8083/ws-notifications/info?t=1782024083839:0
[ 2199842ms] [ERROR] Failed to load resource: net::ERR_CONNECTION_REFUSED @ http://localhost:8083/ws-notifications/info?t=1782024088841:0
[ 2204844ms] [ERROR] Failed to load resource: net::ERR_CONNECTION_REFUSED @ http://localhost:8083/ws-notifications/info?t=1782024093882:0
[ 2209848ms] [ERROR] Failed to load resource: net::ERR_CONNECTION_REFUSED @ http://localhost:8083/ws-notifications/info?t=1782024098884:0
[ 2214853ms] [ERROR] Failed to load resource: net::ERR_CONNECTION_REFUSED @ http://localhost:8083/ws-notifications/info?t=1782024103889:0
[ 2219857ms] [ERROR] Failed to load resource: net::ERR_CONNECTION_REFUSED @ http://localhost:8083/ws-notifications/info?t=1782024108894:0
[ 2224862ms] [ERROR] Failed to load resource: net::ERR_CONNECTION_REFUSED @ http://localhost:8083/ws-notifications/info?t=1782024113898:0
[ 2229864ms] [ERROR] Failed to load resource: net::ERR_CONNECTION_REFUSED @ http://localhost:8083/ws-notifications/info?t=1782024118902:0
[ 2234869ms] [ERROR] Failed to load resource: net::ERR_CONNECTION_REFUSED @ http://localhost:8083/ws-notifications/info?t=1782024123905:0
[ 2239878ms] [ERROR] Failed to load resource: net::ERR_CONNECTION_REFUSED @ http://localhost:8083/ws-notifications/info?t=1782024128909:0
[ 2244922ms] [ERROR] Failed to load resource: net::ERR_CONNECTION_REFUSED @ http://localhost:8083/ws-notifications/info?t=1782024133919:0
[ 2249923ms] [ERROR] Failed to load resource: net::ERR_CONNECTION_REFUSED @ http://localhost:8083/ws-notifications/info?t=1782024138962:0
[ 2254925ms] [ERROR] Failed to load resource: net::ERR_CONNECTION_REFUSED @ http://localhost:8083/ws-notifications/info?t=1782024143963:0
[ 2259930ms] [ERROR] Failed to load resource: net::ERR_CONNECTION_REFUSED @ http://localhost:8083/ws-notifications/info?t=1782024148966:0
[ 2264932ms] [ERROR] Failed to load resource: net::ERR_CONNECTION_REFUSED @ http://localhost:8083/ws-notifications/info?t=1782024153970:0
[ 2269934ms] [ERROR] Failed to load resource: net::ERR_CONNECTION_REFUSED @ http://localhost:8083/ws-notifications/info?t=1782024158972:0
[ 2274939ms] [ERROR] Failed to load resource: net::ERR_CONNECTION_REFUSED @ http://localhost:8083/ws-notifications/info?t=1782024163975:0
[ 2279943ms] [ERROR] Failed to load resource: net::ERR_CONNECTION_REFUSED @ http://localhost:8083/ws-notifications/info?t=1782024168979:0
[ 2284945ms] [ERROR] Failed to load resource: net::ERR_CONNECTION_REFUSED @ http://localhost:8083/ws-notifications/info?t=1782024173983:0
[ 2289947ms] [ERROR] Failed to load resource: net::ERR_CONNECTION_REFUSED @ http://localhost:8083/ws-notifications/info?t=1782024178985:0
[ 2294949ms] [ERROR] Failed to load resource: net::ERR_CONNECTION_REFUSED @ http://localhost:8083/ws-notifications/info?t=1782024183987:0
[ 2299958ms] [ERROR] Failed to load resource: net::ERR_CONNECTION_REFUSED @ http://localhost:8083/ws-notifications/info?t=1782024188989:0
[ 2304960ms] [ERROR] Failed to load resource: net::ERR_CONNECTION_REFUSED @ http://localhost:8083/ws-notifications/info?t=1782024193998:0
[ 2309962ms] [ERROR] Failed to load resource: net::ERR_CONNECTION_REFUSED @ http://localhost:8083/ws-notifications/info?t=1782024199000:0
[ 2314965ms] [ERROR] Failed to load resource: net::ERR_CONNECTION_REFUSED @ http://localhost:8083/ws-notifications/info?t=1782024204002:0
[ 2319967ms] [ERROR] Failed to load resource: net::ERR_CONNECTION_REFUSED @ http://localhost:8083/ws-notifications/info?t=1782024209005:0
[ 2324971ms] [ERROR] Failed to load resource: net::ERR_CONNECTION_REFUSED @ http://localhost:8083/ws-notifications/info?t=1782024214007:0
[ 2329974ms] [ERROR] Failed to load resource: net::ERR_CONNECTION_REFUSED @ http://localhost:8083/ws-notifications/info?t=1782024219011:0
[ 2334978ms] [ERROR] Failed to load resource: net::ERR_CONNECTION_REFUSED @ http://localhost:8083/ws-notifications/info?t=1782024224014:0
[ 2339982ms] [ERROR] Failed to load resource: net::ERR_CONNECTION_REFUSED @ http://localhost:8083/ws-notifications/info?t=1782024229019:0
[ 2344985ms] [ERROR] Failed to load resource: net::ERR_CONNECTION_REFUSED @ http://localhost:8083/ws-notifications/info?t=1782024234023:0
[ 2349987ms] [ERROR] Failed to load resource: net::ERR_CONNECTION_REFUSED @ http://localhost:8083/ws-notifications/info?t=1782024239025:0
[ 2354989ms] [ERROR] Failed to load resource: net::ERR_CONNECTION_REFUSED @ http://localhost:8083/ws-notifications/info?t=1782024244027:0
[ 2359995ms] [ERROR] Failed to load resource: net::ERR_CONNECTION_REFUSED @ http://localhost:8083/ws-notifications/info?t=1782024249030:0
[ 2364999ms] [ERROR] Failed to load resource: net::ERR_CONNECTION_REFUSED @ http://localhost:8083/ws-notifications/info?t=1782024254035:0
[ 2370001ms] [ERROR] Failed to load resource: net::ERR_CONNECTION_REFUSED @ http://localhost:8083/ws-notifications/info?t=1782024259039:0
[ 2375004ms] [ERROR] Failed to load resource: net::ERR_CONNECTION_REFUSED @ http://localhost:8083/ws-notifications/info?t=1782024264041:0
[ 2380008ms] [ERROR] Failed to load resource: net::ERR_CONNECTION_REFUSED @ http://localhost:8083/ws-notifications/info?t=1782024269044:0
[ 2385013ms] [ERROR] Failed to load resource: net::ERR_CONNECTION_REFUSED @ http://localhost:8083/ws-notifications/info?t=1782024274049:0
[ 2390015ms] [ERROR] Failed to load resource: net::ERR_CONNECTION_REFUSED @ http://localhost:8083/ws-notifications/info?t=1782024279053:0
[ 2395019ms] [ERROR] Failed to load resource: net::ERR_CONNECTION_REFUSED @ http://localhost:8083/ws-notifications/info?t=1782024284055:0
[ 2400021ms] [ERROR] Failed to load resource: net::ERR_CONNECTION_REFUSED @ http://localhost:8083/ws-notifications/info?t=1782024289059:0
[ 2405023ms] [ERROR] Failed to load resource: net::ERR_CONNECTION_REFUSED @ http://localhost:8083/ws-notifications/info?t=1782024294061:0
[ 2410025ms] [ERROR] Failed to load resource: net::ERR_CONNECTION_REFUSED @ http://localhost:8083/ws-notifications/info?t=1782024299063:0
[ 2415028ms] [ERROR] Failed to load resource: net::ERR_CONNECTION_REFUSED @ http://localhost:8083/ws-notifications/info?t=1782024304065:0
[ 2420030ms] [ERROR] Failed to load resource: net::ERR_CONNECTION_REFUSED @ http://localhost:8083/ws-notifications/info?t=1782024309067:0
[ 2425034ms] [ERROR] Failed to load resource: net::ERR_CONNECTION_REFUSED @ http://localhost:8083/ws-notifications/info?t=1782024314070:0
[ 2430038ms] [ERROR] Failed to load resource: net::ERR_CONNECTION_REFUSED @ http://localhost:8083/ws-notifications/info?t=1782024319074:0
[ 2435040ms] [ERROR] Failed to load resource: net::ERR_CONNECTION_REFUSED @ http://localhost:8083/ws-notifications/info?t=1782024324078:0
[ 2440042ms] [ERROR] Failed to load resource: net::ERR_CONNECTION_REFUSED @ http://localhost:8083/ws-notifications/info?t=1782024329080:0
[ 2445043ms] [ERROR] Failed to load resource: net::ERR_CONNECTION_REFUSED @ http://localhost:8083/ws-notifications/info?t=1782024334082:0
[ 2450045ms] [ERROR] Failed to load resource: net::ERR_CONNECTION_REFUSED @ http://localhost:8083/ws-notifications/info?t=1782024339083:0
[ 2455046ms] [ERROR] Failed to load resource: net::ERR_CONNECTION_REFUSED @ http://localhost:8083/ws-notifications/info?t=1782024344085:0
[ 2460048ms] [ERROR] Failed to load resource: net::ERR_CONNECTION_REFUSED @ http://localhost:8083/ws-notifications/info?t=1782024349086:0
[ 2465049ms] [ERROR] Failed to load resource: net::ERR_CONNECTION_REFUSED @ http://localhost:8083/ws-notifications/info?t=1782024354088:0
[ 2470051ms] [ERROR] Failed to load resource: net::ERR_CONNECTION_REFUSED @ http://localhost:8083/ws-notifications/info?t=1782024359089:0
[ 2475052ms] [ERROR] Failed to load resource: net::ERR_CONNECTION_REFUSED @ http://localhost:8083/ws-notifications/info?t=1782024364091:0
[ 2480054ms] [ERROR] Failed to load resource: net::ERR_CONNECTION_REFUSED @ http://localhost:8083/ws-notifications/info?t=1782024369092:0
[ 2485056ms] [ERROR] Failed to load resource: net::ERR_CONNECTION_REFUSED @ http://localhost:8083/ws-notifications/info?t=1782024374094:0
[ 2490058ms] [ERROR] Failed to load resource: net::ERR_CONNECTION_REFUSED @ http://localhost:8083/ws-notifications/info?t=1782024379096:0
[ 2495059ms] [ERROR] Failed to load resource: net::ERR_CONNECTION_REFUSED @ http://localhost:8083/ws-notifications/info?t=1782024384098:0
[ 2500067ms] [ERROR] Failed to load resource: net::ERR_CONNECTION_REFUSED @ http://localhost:8083/ws-notifications/info?t=1782024389099:0
[ 2505070ms] [ERROR] Failed to load resource: net::ERR_CONNECTION_RESET @ http://localhost:8083/ws-notifications/info?t=1782024394107:0
[ 2578609ms] [ERROR] Failed to load resource: the server responded with a status of 401 () @ http://localhost:8081/reportes:0
[ 2578745ms] [INFO] %cDownload the React DevTools for a better development experience: https://react.dev/link/react-devtools font-weight:bold @ http://localhost:5173/node_modules/.vite/deps/react-dom_client.js?v=8d75b2e0:14337
[ 2578764ms] [WARNING] No routes matched location "/login"  @ http://localhost:5173/@vite/client:509
[ 2578765ms] [WARNING] No routes matched location "/login"  @ http://localhost:5173/@vite/client:509
