[     103ms] [INFO] %cDownload the React DevTools for a better development experience: https://react.dev/link/react-devtools font-weight:bold @ http://localhost:5173/node_modules/.vite/deps/react-dom_client.js?v=8d75b2e0:14337
[    9270ms] [ERROR] Failed to load resource: net::ERR_CONNECTION_REFUSED @ http://localhost:8083/ws-notifications/info?t=1782017494238:0
[    9297ms] [ERROR] Failed to load resource: the server responded with a status of 401 () @ http://localhost:8081/api/notifications/usuario/e63667c2-b172-4d5b-a5a4-c35f71f043c7:0
[    9315ms] [ERROR] Failed to load resource: the server responded with a status of 401 () @ http://localhost:8081/api/notifications/usuario/e63667c2-b172-4d5b-a5a4-c35f71f043c7:0
[   14272ms] [ERROR] Failed to load resource: net::ERR_CONNECTION_REFUSED @ http://localhost:8083/ws-notifications/info?t=1782017499240:0
[   19281ms] [ERROR] Failed to load resource: net::ERR_CONNECTION_REFUSED @ http://localhost:8083/ws-notifications/info?t=1782017504243:0
[   23383ms] [ERROR] Failed to load resource: the server responded with a status of 500 () @ http://localhost:8081/reportes:0
[   23410ms] [ERROR] Failed to load resource: the server responded with a status of 500 () @ http://localhost:8081/reportes:0
[   24284ms] [ERROR] Failed to load resource: net::ERR_CONNECTION_REFUSED @ http://localhost:8083/ws-notifications/info?t=1782017509251:0
[   29288ms] [ERROR] Failed to load resource: net::ERR_CONNECTION_REFUSED @ http://localhost:8083/ws-notifications/info?t=1782017514255:0
[   34294ms] [ERROR] Failed to load resource: net::ERR_CONNECTION_REFUSED @ http://localhost:8083/ws-notifications/info?t=1782017519260:0
[   39300ms] [ERROR] Failed to load resource: net::ERR_CONNECTION_REFUSED @ http://localhost:8083/ws-notifications/info?t=1782017524266:0
[   44305ms] [ERROR] Failed to load resource: net::ERR_CONNECTION_REFUSED @ http://localhost:8083/ws-notifications/info?t=1782017529271:0
[   49307ms] [ERROR] Failed to load resource: net::ERR_CONNECTION_REFUSED @ http://localhost:8083/ws-notifications/info?t=1782017534276:0
[   54313ms] [ERROR] Failed to load resource: net::ERR_CONNECTION_REFUSED @ http://localhost:8083/ws-notifications/info?t=1782017539278:0
[   59318ms] [ERROR] Failed to load resource: net::ERR_CONNECTION_REFUSED @ http://localhost:8083/ws-notifications/info?t=1782017544284:0
[   64319ms] [ERROR] Failed to load resource: net::ERR_CONNECTION_REFUSED @ http://localhost:8083/ws-notifications/info?t=1782017549288:0
[   69321ms] [ERROR] Failed to load resource: net::ERR_CONNECTION_REFUSED @ http://localhost:8083/ws-notifications/info?t=1782017554289:0
[   74324ms] [ERROR] Failed to load resource: net::ERR_CONNECTION_REFUSED @ http://localhost:8083/ws-notifications/info?t=1782017559291:0
[   79329ms] [ERROR] Failed to load resource: net::ERR_CONNECTION_REFUSED @ http://localhost:8083/ws-notifications/info?t=1782017564295:0
[   83362ms] [ERROR] Failed to load resource: the server responded with a status of 500 () @ http://localhost:8081/reportes:0
[   84335ms] [ERROR] Failed to load resource: net::ERR_CONNECTION_REFUSED @ http://localhost:8083/ws-notifications/info?t=1782017569300:0
[   89339ms] [ERROR] Failed to load resource: net::ERR_CONNECTION_REFUSED @ http://localhost:8083/ws-notifications/info?t=1782017574305:0
[   94341ms] [ERROR] Failed to load resource: net::ERR_CONNECTION_REFUSED @ http://localhost:8083/ws-notifications/info?t=1782017579309:0
[   99346ms] [ERROR] Failed to load resource: net::ERR_CONNECTION_REFUSED @ http://localhost:8083/ws-notifications/info?t=1782017584312:0
[  104351ms] [ERROR] Failed to load resource: net::ERR_CONNECTION_REFUSED @ http://localhost:8083/ws-notifications/info?t=1782017589317:0
[  109361ms] [ERROR] Failed to load resource: net::ERR_CONNECTION_REFUSED @ http://localhost:8083/ws-notifications/info?t=1782017594322:0
[  114362ms] [ERROR] Failed to load resource: net::ERR_CONNECTION_REFUSED @ http://localhost:8083/ws-notifications/info?t=1782017599331:0
[  119364ms] [ERROR] Failed to load resource: net::ERR_CONNECTION_REFUSED @ http://localhost:8083/ws-notifications/info?t=1782017604332:0
[  124366ms] [ERROR] Failed to load resource: net::ERR_CONNECTION_REFUSED @ http://localhost:8083/ws-notifications/info?t=1782017609334:0
[  129371ms] [ERROR] Failed to load resource: net::ERR_CONNECTION_REFUSED @ http://localhost:8083/ws-notifications/info?t=1782017614336:0
[  134377ms] [ERROR] Failed to load resource: net::ERR_CONNECTION_REFUSED @ http://localhost:8083/ws-notifications/info?t=1782017619342:0
[  139380ms] [ERROR] Failed to load resource: net::ERR_CONNECTION_REFUSED @ http://localhost:8083/ws-notifications/info?t=1782017624348:0
[  143376ms] [ERROR] Failed to load resource: the server responded with a status of 500 () @ http://localhost:8081/reportes:0
[  144381ms] [ERROR] Failed to load resource: net::ERR_CONNECTION_REFUSED @ http://localhost:8083/ws-notifications/info?t=1782017629350:0
[  149386ms] [ERROR] Failed to load resource: net::ERR_CONNECTION_REFUSED @ http://localhost:8083/ws-notifications/info?t=1782017634352:0
[  154393ms] [ERROR] Failed to load resource: net::ERR_CONNECTION_REFUSED @ http://localhost:8083/ws-notifications/info?t=1782017639357:0
[  159397ms] [ERROR] Failed to load resource: net::ERR_CONNECTION_REFUSED @ http://localhost:8083/ws-notifications/info?t=1782017644364:0
[  164399ms] [ERROR] Failed to load resource: net::ERR_CONNECTION_REFUSED @ http://localhost:8083/ws-notifications/info?t=1782017649367:0
[  169401ms] [ERROR] Failed to load resource: net::ERR_CONNECTION_REFUSED @ http://localhost:8083/ws-notifications/info?t=1782017654369:0
[  174403ms] [ERROR] Failed to load resource: net::ERR_CONNECTION_REFUSED @ http://localhost:8083/ws-notifications/info?t=1782017659370:0
[  179408ms] [ERROR] Failed to load resource: net::ERR_CONNECTION_REFUSED @ http://localhost:8083/ws-notifications/info?t=1782017664374:0
[  184412ms] [ERROR] Failed to load resource: net::ERR_CONNECTION_REFUSED @ http://localhost:8083/ws-notifications/info?t=1782017669378:0
[  189414ms] [ERROR] Failed to load resource: net::ERR_CONNECTION_REFUSED @ http://localhost:8083/ws-notifications/info?t=1782017674382:0
[  194416ms] [ERROR] Failed to load resource: net::ERR_CONNECTION_REFUSED @ http://localhost:8083/ws-notifications/info?t=1782017679384:0
[  199417ms] [ERROR] Failed to load resource: net::ERR_CONNECTION_REFUSED @ http://localhost:8083/ws-notifications/info?t=1782017684386:0
[  203365ms] [ERROR] Failed to load resource: the server responded with a status of 500 () @ http://localhost:8081/reportes:0
[  204419ms] [ERROR] Failed to load resource: net::ERR_CONNECTION_REFUSED @ http://localhost:8083/ws-notifications/info?t=1782017689387:0
[  209427ms] [ERROR] Failed to load resource: net::ERR_CONNECTION_REFUSED @ http://localhost:8083/ws-notifications/info?t=1782017694390:0
[  214431ms] [ERROR] Failed to load resource: net::ERR_CONNECTION_REFUSED @ http://localhost:8083/ws-notifications/info?t=1782017699397:0
[  219434ms] [ERROR] Failed to load resource: net::ERR_CONNECTION_REFUSED @ http://localhost:8083/ws-notifications/info?t=1782017704401:0
[  224436ms] [ERROR] Failed to load resource: net::ERR_CONNECTION_REFUSED @ http://localhost:8083/ws-notifications/info?t=1782017709404:0
[  229444ms] [ERROR] Failed to load resource: net::ERR_CONNECTION_REFUSED @ http://localhost:8083/ws-notifications/info?t=1782017714407:0
[  234446ms] [ERROR] Failed to load resource: net::ERR_CONNECTION_REFUSED @ http://localhost:8083/ws-notifications/info?t=1782017719414:0
[  239451ms] [ERROR] Failed to load resource: net::ERR_CONNECTION_REFUSED @ http://localhost:8083/ws-notifications/info?t=1782017724417:0
[  244458ms] [ERROR] Failed to load resource: net::ERR_CONNECTION_REFUSED @ http://localhost:8083/ws-notifications/info?t=1782017729422:0
[  249460ms] [ERROR] Failed to load resource: net::ERR_CONNECTION_REFUSED @ http://localhost:8083/ws-notifications/info?t=1782017734429:0
[  254462ms] [ERROR] Failed to load resource: net::ERR_CONNECTION_REFUSED @ http://localhost:8083/ws-notifications/info?t=1782017739430:0
[  259467ms] [ERROR] Failed to load resource: net::ERR_CONNECTION_REFUSED @ http://localhost:8083/ws-notifications/info?t=1782017744433:0
[  263454ms] [ERROR] Failed to load resource: the server responded with a status of 500 () @ http://localhost:8081/reportes:0
[  264469ms] [ERROR] Failed to load resource: net::ERR_CONNECTION_REFUSED @ http://localhost:8083/ws-notifications/info?t=1782017749437:0
[  269471ms] [ERROR] Failed to load resource: net::ERR_CONNECTION_REFUSED @ http://localhost:8083/ws-notifications/info?t=1782017754438:0
[  274478ms] [ERROR] Failed to load resource: net::ERR_CONNECTION_REFUSED @ http://localhost:8083/ws-notifications/info?t=1782017759442:0
[  279483ms] [ERROR] Failed to load resource: net::ERR_CONNECTION_REFUSED @ http://localhost:8083/ws-notifications/info?t=1782017764448:0
[  284485ms] [ERROR] Failed to load resource: net::ERR_CONNECTION_REFUSED @ http://localhost:8083/ws-notifications/info?t=1782017769453:0
[  289488ms] [ERROR] Failed to load resource: net::ERR_CONNECTION_REFUSED @ http://localhost:8083/ws-notifications/info?t=1782017774455:0
[  294493ms] [ERROR] Failed to load resource: net::ERR_CONNECTION_REFUSED @ http://localhost:8083/ws-notifications/info?t=1782017779459:0
[  299496ms] [ERROR] Failed to load resource: net::ERR_CONNECTION_REFUSED @ http://localhost:8083/ws-notifications/info?t=1782017784463:0
[  304499ms] [ERROR] Failed to load resource: net::ERR_CONNECTION_REFUSED @ http://localhost:8083/ws-notifications/info?t=1782017789466:0
[  309505ms] [ERROR] Failed to load resource: net::ERR_CONNECTION_REFUSED @ http://localhost:8083/ws-notifications/info?t=1782017794469:0
[  314508ms] [ERROR] Failed to load resource: net::ERR_CONNECTION_REFUSED @ http://localhost:8083/ws-notifications/info?t=1782017799476:0
[  319513ms] [ERROR] Failed to load resource: net::ERR_CONNECTION_REFUSED @ http://localhost:8083/ws-notifications/info?t=1782017804479:0
[  323360ms] [ERROR] Failed to load resource: the server responded with a status of 500 () @ http://localhost:8081/reportes:0
[  324518ms] [ERROR] Failed to load resource: net::ERR_CONNECTION_REFUSED @ http://localhost:8083/ws-notifications/info?t=1782017809484:0
[  329520ms] [ERROR] Failed to load resource: net::ERR_CONNECTION_REFUSED @ http://localhost:8083/ws-notifications/info?t=1782017814488:0
[  334522ms] [ERROR] Failed to load resource: net::ERR_CONNECTION_REFUSED @ http://localhost:8083/ws-notifications/info?t=1782017819490:0
[  339523ms] [ERROR] Failed to load resource: net::ERR_CONNECTION_REFUSED @ http://localhost:8083/ws-notifications/info?t=1782017824492:0
[  344524ms] [ERROR] Failed to load resource: net::ERR_CONNECTION_REFUSED @ http://localhost:8083/ws-notifications/info?t=1782017829493:0
[  349526ms] [ERROR] Failed to load resource: net::ERR_CONNECTION_REFUSED @ http://localhost:8083/ws-notifications/info?t=1782017834494:0
[  354528ms] [ERROR] Failed to load resource: net::ERR_CONNECTION_REFUSED @ http://localhost:8083/ws-notifications/info?t=1782017839496:0
[  359530ms] [ERROR] Failed to load resource: net::ERR_CONNECTION_REFUSED @ http://localhost:8083/ws-notifications/info?t=1782017844498:0
[  364532ms] [ERROR] Failed to load resource: net::ERR_CONNECTION_REFUSED @ http://localhost:8083/ws-notifications/info?t=1782017849500:0
[  369534ms] [ERROR] Failed to load resource: net::ERR_CONNECTION_REFUSED @ http://localhost:8083/ws-notifications/info?t=1782017854502:0
[  374537ms] [ERROR] Failed to load resource: net::ERR_CONNECTION_REFUSED @ http://localhost:8083/ws-notifications/info?t=1782017859504:0
[  379541ms] [ERROR] Failed to load resource: net::ERR_CONNECTION_REFUSED @ http://localhost:8083/ws-notifications/info?t=1782017864508:0
[  383383ms] [ERROR] Failed to load resource: the server responded with a status of 500 () @ http://localhost:8081/reportes:0
[  384544ms] [ERROR] Failed to load resource: net::ERR_CONNECTION_REFUSED @ http://localhost:8083/ws-notifications/info?t=1782017869511:0
[  389547ms] [ERROR] Failed to load resource: net::ERR_CONNECTION_REFUSED @ http://localhost:8083/ws-notifications/info?t=1782017874514:0
[  394551ms] [ERROR] Failed to load resource: net::ERR_CONNECTION_REFUSED @ http://localhost:8083/ws-notifications/info?t=1782017879518:0
[  399553ms] [ERROR] Failed to load resource: net::ERR_CONNECTION_REFUSED @ http://localhost:8083/ws-notifications/info?t=1782017884521:0
[  404556ms] [ERROR] Failed to load resource: net::ERR_CONNECTION_REFUSED @ http://localhost:8083/ws-notifications/info?t=1782017889524:0
[  409564ms] [ERROR] Failed to load resource: net::ERR_CONNECTION_REFUSED @ http://localhost:8083/ws-notifications/info?t=1782017894526:0
[  414565ms] [ERROR] Failed to load resource: net::ERR_CONNECTION_REFUSED @ http://localhost:8083/ws-notifications/info?t=1782017899534:0
[  419567ms] [ERROR] Failed to load resource: net::ERR_CONNECTION_REFUSED @ http://localhost:8083/ws-notifications/info?t=1782017904535:0
[  424574ms] [ERROR] Failed to load resource: net::ERR_CONNECTION_REFUSED @ http://localhost:8083/ws-notifications/info?t=1782017909537:0
[  429576ms] [ERROR] Failed to load resource: net::ERR_CONNECTION_REFUSED @ http://localhost:8083/ws-notifications/info?t=1782017914545:0
[  434578ms] [ERROR] Failed to load resource: net::ERR_CONNECTION_REFUSED @ http://localhost:8083/ws-notifications/info?t=1782017919546:0
[  439580ms] [ERROR] Failed to load resource: net::ERR_CONNECTION_REFUSED @ http://localhost:8083/ws-notifications/info?t=1782017924548:0
[  444075ms] [ERROR] Failed to load resource: the server responded with a status of 500 () @ http://localhost:8081/reportes:0
[  444582ms] [ERROR] Failed to load resource: net::ERR_CONNECTION_REFUSED @ http://localhost:8083/ws-notifications/info?t=1782017929550:0
[  449583ms] [ERROR] Failed to load resource: net::ERR_CONNECTION_REFUSED @ http://localhost:8083/ws-notifications/info?t=1782017934552:0
[  454586ms] [ERROR] Failed to load resource: net::ERR_CONNECTION_REFUSED @ http://localhost:8083/ws-notifications/info?t=1782017939553:0
[  459589ms] [ERROR] Failed to load resource: net::ERR_CONNECTION_REFUSED @ http://localhost:8083/ws-notifications/info?t=1782017944556:0
[  464591ms] [ERROR] Failed to load resource: net::ERR_CONNECTION_REFUSED @ http://localhost:8083/ws-notifications/info?t=1782017949559:0
[  469597ms] [ERROR] Failed to load resource: net::ERR_CONNECTION_REFUSED @ http://localhost:8083/ws-notifications/info?t=1782017954563:0
[  474600ms] [ERROR] Failed to load resource: net::ERR_CONNECTION_REFUSED @ http://localhost:8083/ws-notifications/info?t=1782017959567:0
[  479607ms] [ERROR] Failed to load resource: net::ERR_CONNECTION_REFUSED @ http://localhost:8083/ws-notifications/info?t=1782017964571:0
[  484612ms] [ERROR] Failed to load resource: net::ERR_CONNECTION_REFUSED @ http://localhost:8083/ws-notifications/info?t=1782017969578:0
[  489614ms] [ERROR] Failed to load resource: net::ERR_CONNECTION_REFUSED @ http://localhost:8083/ws-notifications/info?t=1782017974582:0
[  494616ms] [ERROR] Failed to load resource: net::ERR_CONNECTION_REFUSED @ http://localhost:8083/ws-notifications/info?t=1782017979584:0
[  499619ms] [ERROR] Failed to load resource: net::ERR_CONNECTION_REFUSED @ http://localhost:8083/ws-notifications/info?t=1782017984586:0
[  503392ms] [ERROR] Failed to load resource: the server responded with a status of 500 () @ http://localhost:8081/reportes:0
[  504624ms] [ERROR] Failed to load resource: net::ERR_CONNECTION_REFUSED @ http://localhost:8083/ws-notifications/info?t=1782017989590:0
[  509627ms] [ERROR] Failed to load resource: net::ERR_CONNECTION_REFUSED @ http://localhost:8083/ws-notifications/info?t=1782017994594:0
[  514628ms] [ERROR] Failed to load resource: net::ERR_CONNECTION_REFUSED @ http://localhost:8083/ws-notifications/info?t=1782017999597:0
[  519632ms] [ERROR] Failed to load resource: net::ERR_CONNECTION_REFUSED @ http://localhost:8083/ws-notifications/info?t=1782018004599:0
[  524635ms] [ERROR] Failed to load resource: net::ERR_CONNECTION_REFUSED @ http://localhost:8083/ws-notifications/info?t=1782018009602:0
[  529640ms] [ERROR] Failed to load resource: net::ERR_CONNECTION_REFUSED @ http://localhost:8083/ws-notifications/info?t=1782018014606:0
[  534645ms] [ERROR] Failed to load resource: net::ERR_CONNECTION_REFUSED @ http://localhost:8083/ws-notifications/info?t=1782018019611:0
[  539651ms] [ERROR] Failed to load resource: net::ERR_CONNECTION_REFUSED @ http://localhost:8083/ws-notifications/info?t=1782018024616:0
[  544654ms] [ERROR] Failed to load resource: net::ERR_CONNECTION_REFUSED @ http://localhost:8083/ws-notifications/info?t=1782018029622:0
[  549656ms] [ERROR] Failed to load resource: net::ERR_CONNECTION_REFUSED @ http://localhost:8083/ws-notifications/info?t=1782018034624:0
[  554660ms] [ERROR] Failed to load resource: net::ERR_CONNECTION_REFUSED @ http://localhost:8083/ws-notifications/info?t=1782018039626:0
[  559662ms] [ERROR] Failed to load resource: net::ERR_CONNECTION_REFUSED @ http://localhost:8083/ws-notifications/info?t=1782018044630:0
[  563358ms] [ERROR] Failed to load resource: the server responded with a status of 500 () @ http://localhost:8081/reportes:0
[  564663ms] [ERROR] Failed to load resource: net::ERR_CONNECTION_REFUSED @ http://localhost:8083/ws-notifications/info?t=1782018049632:0
[  569665ms] [ERROR] Failed to load resource: net::ERR_CONNECTION_REFUSED @ http://localhost:8083/ws-notifications/info?t=1782018054633:0
[  574669ms] [ERROR] Failed to load resource: net::ERR_CONNECTION_REFUSED @ http://localhost:8083/ws-notifications/info?t=1782018059635:0
[  579671ms] [ERROR] Failed to load resource: net::ERR_CONNECTION_REFUSED @ http://localhost:8083/ws-notifications/info?t=1782018064639:0
[  584673ms] [ERROR] Failed to load resource: net::ERR_CONNECTION_REFUSED @ http://localhost:8083/ws-notifications/info?t=1782018069641:0
[  589674ms] [ERROR] Failed to load resource: net::ERR_CONNECTION_REFUSED @ http://localhost:8083/ws-notifications/info?t=1782018074642:0
[  594676ms] [ERROR] Failed to load resource: net::ERR_CONNECTION_REFUSED @ http://localhost:8083/ws-notifications/info?t=1782018079644:0
[  599679ms] [ERROR] Failed to load resource: net::ERR_CONNECTION_REFUSED @ http://localhost:8083/ws-notifications/info?t=1782018084646:0
[  604682ms] [ERROR] Failed to load resource: net::ERR_CONNECTION_REFUSED @ http://localhost:8083/ws-notifications/info?t=1782018089649:0
[  609686ms] [ERROR] Failed to load resource: net::ERR_CONNECTION_REFUSED @ http://localhost:8083/ws-notifications/info?t=1782018094652:0
[  614688ms] [ERROR] Failed to load resource: net::ERR_CONNECTION_REFUSED @ http://localhost:8083/ws-notifications/info?t=1782018099655:0
[  619690ms] [ERROR] Failed to load resource: net::ERR_CONNECTION_REFUSED @ http://localhost:8083/ws-notifications/info?t=1782018104658:0
[  623581ms] [ERROR] Failed to load resource: the server responded with a status of 500 () @ http://localhost:8081/reportes:0
[  624692ms] [ERROR] Failed to load resource: net::ERR_CONNECTION_REFUSED @ http://localhost:8083/ws-notifications/info?t=1782018109660:0
[  629695ms] [ERROR] Failed to load resource: net::ERR_CONNECTION_REFUSED @ http://localhost:8083/ws-notifications/info?t=1782018114662:0
[  634696ms] [ERROR] Failed to load resource: net::ERR_CONNECTION_REFUSED @ http://localhost:8083/ws-notifications/info?t=1782018119665:0
[  639699ms] [ERROR] Failed to load resource: net::ERR_CONNECTION_REFUSED @ http://localhost:8083/ws-notifications/info?t=1782018124666:0
[  644702ms] [ERROR] Failed to load resource: net::ERR_CONNECTION_REFUSED @ http://localhost:8083/ws-notifications/info?t=1782018129669:0
[  649708ms] [ERROR] Failed to load resource: net::ERR_CONNECTION_REFUSED @ http://localhost:8083/ws-notifications/info?t=1782018134673:0
[  654713ms] [ERROR] Failed to load resource: net::ERR_CONNECTION_REFUSED @ http://localhost:8083/ws-notifications/info?t=1782018139679:0
[  659715ms] [ERROR] Failed to load resource: net::ERR_CONNECTION_REFUSED @ http://localhost:8083/ws-notifications/info?t=1782018144683:0
[  664717ms] [ERROR] Failed to load resource: net::ERR_CONNECTION_REFUSED @ http://localhost:8083/ws-notifications/info?t=1782018149685:0
[  669719ms] [ERROR] Failed to load resource: net::ERR_CONNECTION_REFUSED @ http://localhost:8083/ws-notifications/info?t=1782018154687:0
[  674724ms] [ERROR] Failed to load resource: net::ERR_CONNECTION_REFUSED @ http://localhost:8083/ws-notifications/info?t=1782018159689:0
[  679727ms] [ERROR] Failed to load resource: net::ERR_CONNECTION_REFUSED @ http://localhost:8083/ws-notifications/info?t=1782018164694:0
[  683865ms] [ERROR] Failed to load resource: the server responded with a status of 500 () @ http://localhost:8081/reportes:0
[  684730ms] [ERROR] Failed to load resource: net::ERR_CONNECTION_REFUSED @ http://localhost:8083/ws-notifications/info?t=1782018169698:0
[  689736ms] [ERROR] Failed to load resource: net::ERR_CONNECTION_REFUSED @ http://localhost:8083/ws-notifications/info?t=1782018174700:0
[  694741ms] [ERROR] Failed to load resource: net::ERR_CONNECTION_REFUSED @ http://localhost:8083/ws-notifications/info?t=1782018179707:0
[  699746ms] [ERROR] Failed to load resource: net::ERR_CONNECTION_REFUSED @ http://localhost:8083/ws-notifications/info?t=1782018184711:0
[  704748ms] [ERROR] Failed to load resource: net::ERR_CONNECTION_REFUSED @ http://localhost:8083/ws-notifications/info?t=1782018189716:0
[  709750ms] [ERROR] Failed to load resource: net::ERR_CONNECTION_REFUSED @ http://localhost:8083/ws-notifications/info?t=1782018194718:0
[  714755ms] [ERROR] Failed to load resource: net::ERR_CONNECTION_REFUSED @ http://localhost:8083/ws-notifications/info?t=1782018199721:0
[  719758ms] [ERROR] Failed to load resource: net::ERR_CONNECTION_REFUSED @ http://localhost:8083/ws-notifications/info?t=1782018204725:0
[  724763ms] [ERROR] Failed to load resource: net::ERR_CONNECTION_REFUSED @ http://localhost:8083/ws-notifications/info?t=1782018209729:0
[  729765ms] [ERROR] Failed to load resource: net::ERR_CONNECTION_REFUSED @ http://localhost:8083/ws-notifications/info?t=1782018214733:0
[  734772ms] [ERROR] Failed to load resource: net::ERR_CONNECTION_REFUSED @ http://localhost:8083/ws-notifications/info?t=1782018219736:0
[  739777ms] [ERROR] Failed to load resource: net::ERR_CONNECTION_REFUSED @ http://localhost:8083/ws-notifications/info?t=1782018224743:0
[  743379ms] [ERROR] Failed to load resource: the server responded with a status of 500 () @ http://localhost:8081/reportes:0
[  744779ms] [ERROR] Failed to load resource: net::ERR_CONNECTION_REFUSED @ http://localhost:8083/ws-notifications/info?t=1782018229747:0
[  749780ms] [ERROR] Failed to load resource: net::ERR_CONNECTION_REFUSED @ http://localhost:8083/ws-notifications/info?t=1782018234749:0
[  754782ms] [ERROR] Failed to load resource: net::ERR_CONNECTION_REFUSED @ http://localhost:8083/ws-notifications/info?t=1782018239750:0
[  759785ms] [ERROR] Failed to load resource: net::ERR_CONNECTION_REFUSED @ http://localhost:8083/ws-notifications/info?t=1782018244752:0
[  764787ms] [ERROR] Failed to load resource: net::ERR_CONNECTION_REFUSED @ http://localhost:8083/ws-notifications/info?t=1782018249755:0
[  769791ms] [ERROR] Failed to load resource: net::ERR_CONNECTION_REFUSED @ http://localhost:8083/ws-notifications/info?t=1782018254757:0
[  774793ms] [ERROR] Failed to load resource: net::ERR_CONNECTION_REFUSED @ http://localhost:8083/ws-notifications/info?t=1782018259762:0
[  779797ms] [ERROR] Failed to load resource: net::ERR_CONNECTION_REFUSED @ http://localhost:8083/ws-notifications/info?t=1782018264763:0
[  784799ms] [ERROR] Failed to load resource: net::ERR_CONNECTION_REFUSED @ http://localhost:8083/ws-notifications/info?t=1782018269767:0
[  789801ms] [ERROR] Failed to load resource: net::ERR_CONNECTION_REFUSED @ http://localhost:8083/ws-notifications/info?t=1782018274769:0
[  794802ms] [ERROR] Failed to load resource: net::ERR_CONNECTION_REFUSED @ http://localhost:8083/ws-notifications/info?t=1782018279771:0
[  799807ms] [ERROR] Failed to load resource: net::ERR_CONNECTION_REFUSED @ http://localhost:8083/ws-notifications/info?t=1782018284773:0
[  803402ms] [ERROR] Failed to load resource: the server responded with a status of 500 () @ http://localhost:8081/reportes:0
[  804812ms] [ERROR] Failed to load resource: net::ERR_CONNECTION_REFUSED @ http://localhost:8083/ws-notifications/info?t=1782018289778:0
[  809814ms] [ERROR] Failed to load resource: net::ERR_CONNECTION_REFUSED @ http://localhost:8083/ws-notifications/info?t=1782018294782:0
[  814816ms] [ERROR] Failed to load resource: net::ERR_CONNECTION_REFUSED @ http://localhost:8083/ws-notifications/info?t=1782018299784:0
[  819822ms] [ERROR] Failed to load resource: net::ERR_CONNECTION_REFUSED @ http://localhost:8083/ws-notifications/info?t=1782018304787:0
[  824824ms] [ERROR] Failed to load resource: net::ERR_CONNECTION_REFUSED @ http://localhost:8083/ws-notifications/info?t=1782018309792:0
[  829829ms] [ERROR] Failed to load resource: net::ERR_CONNECTION_REFUSED @ http://localhost:8083/ws-notifications/info?t=1782018314795:0
[  834835ms] [ERROR] Failed to load resource: net::ERR_CONNECTION_REFUSED @ http://localhost:8083/ws-notifications/info?t=1782018319799:0
[  839838ms] [ERROR] Failed to load resource: net::ERR_CONNECTION_REFUSED @ http://localhost:8083/ws-notifications/info?t=1782018324805:0
[  844839ms] [ERROR] Failed to load resource: net::ERR_CONNECTION_REFUSED @ http://localhost:8083/ws-notifications/info?t=1782018329808:0
[  849845ms] [ERROR] Failed to load resource: net::ERR_CONNECTION_REFUSED @ http://localhost:8083/ws-notifications/info?t=1782018334810:0
[  854851ms] [ERROR] Failed to load resource: net::ERR_CONNECTION_REFUSED @ http://localhost:8083/ws-notifications/info?t=1782018339817:0
[  859856ms] [ERROR] Failed to load resource: net::ERR_CONNECTION_REFUSED @ http://localhost:8083/ws-notifications/info?t=1782018344822:0
[  863395ms] [ERROR] Failed to load resource: the server responded with a status of 500 () @ http://localhost:8081/reportes:0
[  864858ms] [ERROR] Failed to load resource: net::ERR_CONNECTION_REFUSED @ http://localhost:8083/ws-notifications/info?t=1782018349826:0
[  869865ms] [ERROR] Failed to load resource: net::ERR_CONNECTION_REFUSED @ http://localhost:8083/ws-notifications/info?t=1782018354829:0
[  874872ms] [ERROR] Failed to load resource: net::ERR_CONNECTION_REFUSED @ http://localhost:8083/ws-notifications/info?t=1782018359836:0
[  879874ms] [ERROR] Failed to load resource: net::ERR_CONNECTION_REFUSED @ http://localhost:8083/ws-notifications/info?t=1782018364842:0
[  884878ms] [ERROR] Failed to load resource: net::ERR_CONNECTION_REFUSED @ http://localhost:8083/ws-notifications/info?t=1782018369844:0
[  889880ms] [ERROR] Failed to load resource: net::ERR_CONNECTION_REFUSED @ http://localhost:8083/ws-notifications/info?t=1782018374848:0
[  894886ms] [ERROR] Failed to load resource: net::ERR_CONNECTION_REFUSED @ http://localhost:8083/ws-notifications/info?t=1782018379851:0
[  899891ms] [ERROR] Failed to load resource: net::ERR_CONNECTION_REFUSED @ http://localhost:8083/ws-notifications/info?t=1782018384856:0
[  904893ms] [ERROR] Failed to load resource: net::ERR_CONNECTION_REFUSED @ http://localhost:8083/ws-notifications/info?t=1782018389861:0
[  909896ms] [ERROR] Failed to load resource: net::ERR_CONNECTION_REFUSED @ http://localhost:8083/ws-notifications/info?t=1782018394863:0
[  914897ms] [ERROR] Failed to load resource: net::ERR_CONNECTION_REFUSED @ http://localhost:8083/ws-notifications/info?t=1782018399866:0
[  919900ms] [ERROR] Failed to load resource: net::ERR_CONNECTION_REFUSED @ http://localhost:8083/ws-notifications/info?t=1782018404868:0
[  923395ms] [ERROR] Failed to load resource: the server responded with a status of 500 () @ http://localhost:8081/reportes:0
[  924904ms] [ERROR] Failed to load resource: net::ERR_CONNECTION_REFUSED @ http://localhost:8083/ws-notifications/info?t=1782018409870:0
[  929908ms] [ERROR] Failed to load resource: net::ERR_CONNECTION_REFUSED @ http://localhost:8083/ws-notifications/info?t=1782018414875:0
[  934913ms] [ERROR] Failed to load resource: net::ERR_CONNECTION_REFUSED @ http://localhost:8083/ws-notifications/info?t=1782018419879:0
[  939915ms] [ERROR] Failed to load resource: net::ERR_CONNECTION_REFUSED @ http://localhost:8083/ws-notifications/info?t=1782018424883:0
[  944920ms] [ERROR] Failed to load resource: net::ERR_CONNECTION_REFUSED @ http://localhost:8083/ws-notifications/info?t=1782018429885:0
[  949924ms] [ERROR] Failed to load resource: net::ERR_CONNECTION_REFUSED @ http://localhost:8083/ws-notifications/info?t=1782018434890:0
[  954929ms] [ERROR] Failed to load resource: net::ERR_CONNECTION_REFUSED @ http://localhost:8083/ws-notifications/info?t=1782018439895:0
[  959934ms] [ERROR] Failed to load resource: net::ERR_CONNECTION_REFUSED @ http://localhost:8083/ws-notifications/info?t=1782018444900:0
[  964938ms] [ERROR] Failed to load resource: net::ERR_CONNECTION_REFUSED @ http://localhost:8083/ws-notifications/info?t=1782018449904:0
[  969943ms] [ERROR] Failed to load resource: net::ERR_CONNECTION_REFUSED @ http://localhost:8083/ws-notifications/info?t=1782018454909:0
[  974947ms] [ERROR] Failed to load resource: net::ERR_CONNECTION_REFUSED @ http://localhost:8083/ws-notifications/info?t=1782018459913:0
[  979952ms] [ERROR] Failed to load resource: net::ERR_CONNECTION_REFUSED @ http://localhost:8083/ws-notifications/info?t=1782018464918:0
[  983360ms] [ERROR] Failed to load resource: the server responded with a status of 500 () @ http://localhost:8081/reportes:0
[  984957ms] [ERROR] Failed to load resource: net::ERR_CONNECTION_REFUSED @ http://localhost:8083/ws-notifications/info?t=1782018469923:0
[  989958ms] [ERROR] Failed to load resource: net::ERR_CONNECTION_REFUSED @ http://localhost:8083/ws-notifications/info?t=1782018474927:0
[  994960ms] [ERROR] Failed to load resource: net::ERR_CONNECTION_REFUSED @ http://localhost:8083/ws-notifications/info?t=1782018479928:0
[  999965ms] [ERROR] Failed to load resource: net::ERR_CONNECTION_REFUSED @ http://localhost:8083/ws-notifications/info?t=1782018484930:0
[ 1004967ms] [ERROR] Failed to load resource: net::ERR_CONNECTION_REFUSED @ http://localhost:8083/ws-notifications/info?t=1782018489935:0
[ 1009972ms] [ERROR] Failed to load resource: net::ERR_CONNECTION_REFUSED @ http://localhost:8083/ws-notifications/info?t=1782018494937:0
[ 1014973ms] [ERROR] Failed to load resource: net::ERR_CONNECTION_REFUSED @ http://localhost:8083/ws-notifications/info?t=1782018499942:0
[ 1019978ms] [ERROR] Failed to load resource: net::ERR_CONNECTION_REFUSED @ http://localhost:8083/ws-notifications/info?t=1782018504944:0
[ 1024981ms] [ERROR] Failed to load resource: net::ERR_CONNECTION_REFUSED @ http://localhost:8083/ws-notifications/info?t=1782018509948:0
[ 1029986ms] [ERROR] Failed to load resource: net::ERR_CONNECTION_REFUSED @ http://localhost:8083/ws-notifications/info?t=1782018514952:0
[ 1034987ms] [ERROR] Failed to load resource: net::ERR_CONNECTION_REFUSED @ http://localhost:8083/ws-notifications/info?t=1782018519956:0
