[     114ms] [INFO] %cDownload the React DevTools for a better development experience: https://react.dev/link/react-devtools font-weight:bold @ http://localhost:5173/node_modules/.vite/deps/react-dom_client.js?v=8d75b2e0:14337
[     170ms] [ERROR] Failed to load resource: net::ERR_CONNECTION_REFUSED @ http://localhost:8083/ws-notifications/info?t=1782020808366:0
[     178ms] [ERROR] Failed to load resource: the server responded with a status of 401 () @ http://localhost:8081/api/notifications/usuario/fad5d0a9-d5aa-4ea1-a9bc-53785b7d1e2c:0
[     198ms] [ERROR] Failed to load resource: the server responded with a status of 401 () @ http://localhost:8081/api/notifications/usuario/fad5d0a9-d5aa-4ea1-a9bc-53785b7d1e2c:0
[    5177ms] [ERROR] Failed to load resource: net::ERR_CONNECTION_REFUSED @ http://localhost:8083/ws-notifications/info?t=1782020813387:0
[   10181ms] [ERROR] Failed to load resource: net::ERR_CONNECTION_REFUSED @ http://localhost:8083/ws-notifications/info?t=1782020818393:0
[   15183ms] [ERROR] Failed to load resource: net::ERR_CONNECTION_REFUSED @ http://localhost:8083/ws-notifications/info?t=1782020823398:0
[   56668ms] [ERROR] Failed to load resource: net::ERR_CONNECTION_REFUSED @ http://localhost:8083/ws-notifications/info?t=1782020864877:0
[   56693ms] [ERROR] Failed to load resource: the server responded with a status of 401 () @ http://localhost:8081/api/notifications/usuario/fad5d0a9-d5aa-4ea1-a9bc-53785b7d1e2c:0
[   56725ms] [ERROR] Failed to load resource: the server responded with a status of 401 () @ http://localhost:8081/api/notifications/usuario/fad5d0a9-d5aa-4ea1-a9bc-53785b7d1e2c:0
[   61680ms] [ERROR] Failed to load resource: net::ERR_CONNECTION_REFUSED @ http://localhost:8083/ws-notifications/info?t=1782020869889:0
[   66683ms] [ERROR] Failed to load resource: net::ERR_CONNECTION_REFUSED @ http://localhost:8083/ws-notifications/info?t=1782020874896:0
[   71684ms] [ERROR] Failed to load resource: net::ERR_CONNECTION_REFUSED @ http://localhost:8083/ws-notifications/info?t=1782020879899:0
[   76687ms] [ERROR] Failed to load resource: net::ERR_CONNECTION_REFUSED @ http://localhost:8083/ws-notifications/info?t=1782020884901:0
[   81690ms] [ERROR] Failed to load resource: net::ERR_CONNECTION_REFUSED @ http://localhost:8083/ws-notifications/info?t=1782020889903:0
[   86692ms] [ERROR] Failed to load resource: net::ERR_CONNECTION_REFUSED @ http://localhost:8083/ws-notifications/info?t=1782020894906:0
[  202733ms] [ERROR] Failed to load resource: net::ERR_CONNECTION_REFUSED @ http://localhost:8083/ws-notifications/info?t=1782021010944:0
[  202748ms] [ERROR] Failed to load resource: the server responded with a status of 401 () @ http://localhost:8081/api/notifications/usuario/fad5d0a9-d5aa-4ea1-a9bc-53785b7d1e2c:0
[  202770ms] [ERROR] Failed to load resource: the server responded with a status of 401 () @ http://localhost:8081/api/notifications/usuario/fad5d0a9-d5aa-4ea1-a9bc-53785b7d1e2c:0
[  207782ms] [ERROR] Failed to load resource: net::ERR_CONNECTION_REFUSED @ http://localhost:8083/ws-notifications/info?t=1782021015949:0
[  212784ms] [ERROR] Failed to load resource: net::ERR_CONNECTION_REFUSED @ http://localhost:8083/ws-notifications/info?t=1782021020998:0
[  217787ms] [ERROR] Failed to load resource: net::ERR_CONNECTION_REFUSED @ http://localhost:8083/ws-notifications/info?t=1782021026000:0
[  222789ms] [ERROR] Failed to load resource: net::ERR_CONNECTION_REFUSED @ http://localhost:8083/ws-notifications/info?t=1782021031003:0
[  227792ms] [ERROR] Failed to load resource: net::ERR_CONNECTION_REFUSED @ http://localhost:8083/ws-notifications/info?t=1782021036005:0
[  232794ms] [ERROR] Failed to load resource: net::ERR_CONNECTION_REFUSED @ http://localhost:8083/ws-notifications/info?t=1782021041008:0
[  237800ms] [ERROR] Failed to load resource: net::ERR_CONNECTION_REFUSED @ http://localhost:8083/ws-notifications/info?t=1782021046011:0
[  242805ms] [ERROR] Failed to load resource: net::ERR_CONNECTION_REFUSED @ http://localhost:8083/ws-notifications/info?t=1782021051017:0
[  246117ms] [ERROR] Failed to load resource: net::ERR_CONNECTION_REFUSED @ http://localhost:8083/ws-notifications/info?t=1782021054323:0
[  246157ms] [ERROR] Failed to load resource: the server responded with a status of 401 () @ http://localhost:8081/api/notifications/usuario/fad5d0a9-d5aa-4ea1-a9bc-53785b7d1e2c:0
[  246209ms] [ERROR] Failed to load resource: the server responded with a status of 401 () @ http://localhost:8081/api/notifications/usuario/fad5d0a9-d5aa-4ea1-a9bc-53785b7d1e2c:0
[  251121ms] [ERROR] Failed to load resource: net::ERR_CONNECTION_REFUSED @ http://localhost:8083/ws-notifications/info?t=1782021059334:0
[  256128ms] [ERROR] Failed to load resource: net::ERR_CONNECTION_REFUSED @ http://localhost:8083/ws-notifications/info?t=1782021064338:0
[  261130ms] [ERROR] Failed to load resource: net::ERR_CONNECTION_REFUSED @ http://localhost:8083/ws-notifications/info?t=1782021069344:0
[  266134ms] [ERROR] Failed to load resource: net::ERR_CONNECTION_REFUSED @ http://localhost:8083/ws-notifications/info?t=1782021074346:0
[  271136ms] [ERROR] Failed to load resource: net::ERR_CONNECTION_REFUSED @ http://localhost:8083/ws-notifications/info?t=1782021079350:0
[  276139ms] [ERROR] Failed to load resource: net::ERR_CONNECTION_REFUSED @ http://localhost:8083/ws-notifications/info?t=1782021084352:0
[  281142ms] [ERROR] Failed to load resource: net::ERR_CONNECTION_REFUSED @ http://localhost:8083/ws-notifications/info?t=1782021089355:0
[  286144ms] [ERROR] Failed to load resource: net::ERR_CONNECTION_REFUSED @ http://localhost:8083/ws-notifications/info?t=1782021094358:0
[  291145ms] [ERROR] Failed to load resource: net::ERR_CONNECTION_REFUSED @ http://localhost:8083/ws-notifications/info?t=1782021099359:0
[  296148ms] [ERROR] Failed to load resource: net::ERR_CONNECTION_REFUSED @ http://localhost:8083/ws-notifications/info?t=1782021104361:0
[  301150ms] [ERROR] Failed to load resource: net::ERR_CONNECTION_REFUSED @ http://localhost:8083/ws-notifications/info?t=1782021109364:0
[  306157ms] [ERROR] Failed to load resource: net::ERR_CONNECTION_REFUSED @ http://localhost:8083/ws-notifications/info?t=1782021114366:0
[  311160ms] [ERROR] Failed to load resource: net::ERR_CONNECTION_REFUSED @ http://localhost:8083/ws-notifications/info?t=1782021119374:0
[  316162ms] [ERROR] Failed to load resource: net::ERR_CONNECTION_REFUSED @ http://localhost:8083/ws-notifications/info?t=1782021124376:0
[  321164ms] [ERROR] Failed to load resource: net::ERR_CONNECTION_REFUSED @ http://localhost:8083/ws-notifications/info?t=1782021129378:0
[  326166ms] [ERROR] Failed to load resource: net::ERR_CONNECTION_REFUSED @ http://localhost:8083/ws-notifications/info?t=1782021134380:0
[  331167ms] [ERROR] Failed to load resource: net::ERR_CONNECTION_REFUSED @ http://localhost:8083/ws-notifications/info?t=1782021139382:0
[  336171ms] [ERROR] Failed to load resource: net::ERR_CONNECTION_REFUSED @ http://localhost:8083/ws-notifications/info?t=1782021144383:0
[  341174ms] [ERROR] Failed to load resource: net::ERR_CONNECTION_REFUSED @ http://localhost:8083/ws-notifications/info?t=1782021149387:0
[  346179ms] [ERROR] Failed to load resource: net::ERR_CONNECTION_REFUSED @ http://localhost:8083/ws-notifications/info?t=1782021154391:0
[  351182ms] [ERROR] Failed to load resource: net::ERR_CONNECTION_REFUSED @ http://localhost:8083/ws-notifications/info?t=1782021159395:0
[  356188ms] [ERROR] Failed to load resource: net::ERR_CONNECTION_REFUSED @ http://localhost:8083/ws-notifications/info?t=1782021164399:0
[  361190ms] [ERROR] Failed to load resource: net::ERR_CONNECTION_REFUSED @ http://localhost:8083/ws-notifications/info?t=1782021169404:0
[  366191ms] [ERROR] Failed to load resource: net::ERR_CONNECTION_REFUSED @ http://localhost:8083/ws-notifications/info?t=1782021174406:0
[  371193ms] [ERROR] Failed to load resource: net::ERR_CONNECTION_REFUSED @ http://localhost:8083/ws-notifications/info?t=1782021179407:0
[  376194ms] [ERROR] Failed to load resource: net::ERR_CONNECTION_REFUSED @ http://localhost:8083/ws-notifications/info?t=1782021184408:0
[  381198ms] [ERROR] Failed to load resource: net::ERR_CONNECTION_REFUSED @ http://localhost:8083/ws-notifications/info?t=1782021189410:0
[  386199ms] [ERROR] Failed to load resource: net::ERR_CONNECTION_REFUSED @ http://localhost:8083/ws-notifications/info?t=1782021194414:0
[  391201ms] [ERROR] Failed to load resource: net::ERR_CONNECTION_REFUSED @ http://localhost:8083/ws-notifications/info?t=1782021199415:0
[  396203ms] [ERROR] Failed to load resource: net::ERR_CONNECTION_REFUSED @ http://localhost:8083/ws-notifications/info?t=1782021204417:0
[  401205ms] [ERROR] Failed to load resource: net::ERR_CONNECTION_REFUSED @ http://localhost:8083/ws-notifications/info?t=1782021209419:0
[  406210ms] [ERROR] Failed to load resource: net::ERR_CONNECTION_REFUSED @ http://localhost:8083/ws-notifications/info?t=1782021214422:0
[  411215ms] [ERROR] Failed to load resource: net::ERR_CONNECTION_REFUSED @ http://localhost:8083/ws-notifications/info?t=1782021219427:0
[  416216ms] [ERROR] Failed to load resource: net::ERR_CONNECTION_REFUSED @ http://localhost:8083/ws-notifications/info?t=1782021224431:0
[  421222ms] [ERROR] Failed to load resource: net::ERR_CONNECTION_REFUSED @ http://localhost:8083/ws-notifications/info?t=1782021229433:0
[  426224ms] [ERROR] Failed to load resource: net::ERR_CONNECTION_REFUSED @ http://localhost:8083/ws-notifications/info?t=1782021234438:0
[  431226ms] [ERROR] Failed to load resource: net::ERR_CONNECTION_REFUSED @ http://localhost:8083/ws-notifications/info?t=1782021239440:0
[  436232ms] [ERROR] Failed to load resource: net::ERR_CONNECTION_REFUSED @ http://localhost:8083/ws-notifications/info?t=1782021244443:0
[  441234ms] [ERROR] Failed to load resource: net::ERR_CONNECTION_REFUSED @ http://localhost:8083/ws-notifications/info?t=1782021249448:0
[  446238ms] [ERROR] Failed to load resource: net::ERR_CONNECTION_REFUSED @ http://localhost:8083/ws-notifications/info?t=1782021254450:0
[  451240ms] [ERROR] Failed to load resource: net::ERR_CONNECTION_REFUSED @ http://localhost:8083/ws-notifications/info?t=1782021259454:0
[  456242ms] [ERROR] Failed to load resource: net::ERR_CONNECTION_REFUSED @ http://localhost:8083/ws-notifications/info?t=1782021264456:0
[  461244ms] [ERROR] Failed to load resource: net::ERR_CONNECTION_REFUSED @ http://localhost:8083/ws-notifications/info?t=1782021269458:0
[  466245ms] [ERROR] Failed to load resource: net::ERR_CONNECTION_REFUSED @ http://localhost:8083/ws-notifications/info?t=1782021274460:0
[  471253ms] [ERROR] Failed to load resource: net::ERR_CONNECTION_REFUSED @ http://localhost:8083/ws-notifications/info?t=1782021279462:0
[  476261ms] [ERROR] Failed to load resource: net::ERR_CONNECTION_REFUSED @ http://localhost:8083/ws-notifications/info?t=1782021284469:0
[  481270ms] [ERROR] Failed to load resource: net::ERR_CONNECTION_REFUSED @ http://localhost:8083/ws-notifications/info?t=1782021289477:0
[  486272ms] [ERROR] Failed to load resource: net::ERR_CONNECTION_REFUSED @ http://localhost:8083/ws-notifications/info?t=1782021294486:0
[  491274ms] [ERROR] Failed to load resource: net::ERR_CONNECTION_REFUSED @ http://localhost:8083/ws-notifications/info?t=1782021299488:0
[  496279ms] [ERROR] Failed to load resource: net::ERR_CONNECTION_REFUSED @ http://localhost:8083/ws-notifications/info?t=1782021304490:0
[  501285ms] [ERROR] Failed to load resource: net::ERR_CONNECTION_REFUSED @ http://localhost:8083/ws-notifications/info?t=1782021309496:0
[  506289ms] [ERROR] Failed to load resource: net::ERR_CONNECTION_REFUSED @ http://localhost:8083/ws-notifications/info?t=1782021314502:0
[  511293ms] [ERROR] Failed to load resource: net::ERR_CONNECTION_REFUSED @ http://localhost:8083/ws-notifications/info?t=1782021319505:0
[  516295ms] [ERROR] Failed to load resource: net::ERR_CONNECTION_REFUSED @ http://localhost:8083/ws-notifications/info?t=1782021324509:0
[  521299ms] [ERROR] Failed to load resource: net::ERR_CONNECTION_REFUSED @ http://localhost:8083/ws-notifications/info?t=1782021329511:0
[  526304ms] [ERROR] Failed to load resource: net::ERR_CONNECTION_REFUSED @ http://localhost:8083/ws-notifications/info?t=1782021334516:0
[  531306ms] [ERROR] Failed to load resource: net::ERR_CONNECTION_REFUSED @ http://localhost:8083/ws-notifications/info?t=1782021339521:0
[  536309ms] [ERROR] Failed to load resource: net::ERR_CONNECTION_REFUSED @ http://localhost:8083/ws-notifications/info?t=1782021344523:0
[  541312ms] [ERROR] Failed to load resource: net::ERR_CONNECTION_REFUSED @ http://localhost:8083/ws-notifications/info?t=1782021349526:0
[  546317ms] [ERROR] Failed to load resource: net::ERR_CONNECTION_REFUSED @ http://localhost:8083/ws-notifications/info?t=1782021354529:0
[  551319ms] [ERROR] Failed to load resource: net::ERR_CONNECTION_REFUSED @ http://localhost:8083/ws-notifications/info?t=1782021359533:0
[  556324ms] [ERROR] Failed to load resource: net::ERR_CONNECTION_REFUSED @ http://localhost:8083/ws-notifications/info?t=1782021364535:0
[  561328ms] [ERROR] Failed to load resource: net::ERR_CONNECTION_REFUSED @ http://localhost:8083/ws-notifications/info?t=1782021369540:0
[  566332ms] [ERROR] Failed to load resource: net::ERR_CONNECTION_REFUSED @ http://localhost:8083/ws-notifications/info?t=1782021374544:0
[  571335ms] [ERROR] Failed to load resource: net::ERR_CONNECTION_REFUSED @ http://localhost:8083/ws-notifications/info?t=1782021379549:0
[  576337ms] [ERROR] Failed to load resource: net::ERR_CONNECTION_REFUSED @ http://localhost:8083/ws-notifications/info?t=1782021384551:0
[  581340ms] [ERROR] Failed to load resource: net::ERR_CONNECTION_REFUSED @ http://localhost:8083/ws-notifications/info?t=1782021389553:0
[  586345ms] [ERROR] Failed to load resource: net::ERR_CONNECTION_REFUSED @ http://localhost:8083/ws-notifications/info?t=1782021394557:0
[  591350ms] [ERROR] Failed to load resource: net::ERR_CONNECTION_REFUSED @ http://localhost:8083/ws-notifications/info?t=1782021399562:0
[  596354ms] [ERROR] Failed to load resource: net::ERR_CONNECTION_REFUSED @ http://localhost:8083/ws-notifications/info?t=1782021404566:0
[  601357ms] [ERROR] Failed to load resource: net::ERR_CONNECTION_REFUSED @ http://localhost:8083/ws-notifications/info?t=1782021409571:0
[  606361ms] [ERROR] Failed to load resource: net::ERR_CONNECTION_REFUSED @ http://localhost:8083/ws-notifications/info?t=1782021414573:0
[  611364ms] [ERROR] Failed to load resource: net::ERR_CONNECTION_REFUSED @ http://localhost:8083/ws-notifications/info?t=1782021419577:0
[  616366ms] [ERROR] Failed to load resource: net::ERR_CONNECTION_REFUSED @ http://localhost:8083/ws-notifications/info?t=1782021424580:0
[  621372ms] [ERROR] Failed to load resource: net::ERR_CONNECTION_REFUSED @ http://localhost:8083/ws-notifications/info?t=1782021429583:0
[  626374ms] [ERROR] Failed to load resource: net::ERR_CONNECTION_REFUSED @ http://localhost:8083/ws-notifications/info?t=1782021434588:0
[  631376ms] [ERROR] Failed to load resource: net::ERR_CONNECTION_REFUSED @ http://localhost:8083/ws-notifications/info?t=1782021439590:0
[  636380ms] [ERROR] Failed to load resource: net::ERR_CONNECTION_REFUSED @ http://localhost:8083/ws-notifications/info?t=1782021444592:0
[  641386ms] [ERROR] Failed to load resource: net::ERR_CONNECTION_REFUSED @ http://localhost:8083/ws-notifications/info?t=1782021449597:0
[  646389ms] [ERROR] Failed to load resource: net::ERR_CONNECTION_REFUSED @ http://localhost:8083/ws-notifications/info?t=1782021454603:0
[  651391ms] [ERROR] Failed to load resource: net::ERR_CONNECTION_REFUSED @ http://localhost:8083/ws-notifications/info?t=1782021459605:0
[  656395ms] [ERROR] Failed to load resource: net::ERR_CONNECTION_REFUSED @ http://localhost:8083/ws-notifications/info?t=1782021464608:0
[  661400ms] [ERROR] Failed to load resource: net::ERR_CONNECTION_REFUSED @ http://localhost:8083/ws-notifications/info?t=1782021469611:0
[  666407ms] [ERROR] Failed to load resource: net::ERR_CONNECTION_REFUSED @ http://localhost:8083/ws-notifications/info?t=1782021474618:0
[  671412ms] [ERROR] Failed to load resource: net::ERR_CONNECTION_REFUSED @ http://localhost:8083/ws-notifications/info?t=1782021479624:0
[  676414ms] [ERROR] Failed to load resource: net::ERR_CONNECTION_REFUSED @ http://localhost:8083/ws-notifications/info?t=1782021484628:0
[  681416ms] [ERROR] Failed to load resource: net::ERR_CONNECTION_REFUSED @ http://localhost:8083/ws-notifications/info?t=1782021489630:0
[  686421ms] [ERROR] Failed to load resource: net::ERR_CONNECTION_REFUSED @ http://localhost:8083/ws-notifications/info?t=1782021494633:0
[  691423ms] [ERROR] Failed to load resource: net::ERR_CONNECTION_REFUSED @ http://localhost:8083/ws-notifications/info?t=1782021499637:0
[  696424ms] [ERROR] Failed to load resource: net::ERR_CONNECTION_REFUSED @ http://localhost:8083/ws-notifications/info?t=1782021504639:0
[  701429ms] [ERROR] Failed to load resource: net::ERR_CONNECTION_REFUSED @ http://localhost:8083/ws-notifications/info?t=1782021509641:0
[  706436ms] [ERROR] Failed to load resource: net::ERR_CONNECTION_REFUSED @ http://localhost:8083/ws-notifications/info?t=1782021514647:0
[  711441ms] [ERROR] Failed to load resource: net::ERR_CONNECTION_REFUSED @ http://localhost:8083/ws-notifications/info?t=1782021519653:0
[  716446ms] [ERROR] Failed to load resource: net::ERR_CONNECTION_REFUSED @ http://localhost:8083/ws-notifications/info?t=1782021524658:0
[  721450ms] [ERROR] Failed to load resource: net::ERR_CONNECTION_REFUSED @ http://localhost:8083/ws-notifications/info?t=1782021529662:0
[  726451ms] [ERROR] Failed to load resource: net::ERR_CONNECTION_REFUSED @ http://localhost:8083/ws-notifications/info?t=1782021534666:0
[  731456ms] [ERROR] Failed to load resource: net::ERR_CONNECTION_REFUSED @ http://localhost:8083/ws-notifications/info?t=1782021539668:0
[  736462ms] [ERROR] Failed to load resource: net::ERR_CONNECTION_REFUSED @ http://localhost:8083/ws-notifications/info?t=1782021544673:0
[  741466ms] [ERROR] Failed to load resource: net::ERR_CONNECTION_REFUSED @ http://localhost:8083/ws-notifications/info?t=1782021549678:0
[  746471ms] [ERROR] Failed to load resource: net::ERR_CONNECTION_REFUSED @ http://localhost:8083/ws-notifications/info?t=1782021554683:0
[  751476ms] [ERROR] Failed to load resource: net::ERR_CONNECTION_REFUSED @ http://localhost:8083/ws-notifications/info?t=1782021559688:0
[  756480ms] [ERROR] Failed to load resource: net::ERR_CONNECTION_REFUSED @ http://localhost:8083/ws-notifications/info?t=1782021564692:0
[  761484ms] [ERROR] Failed to load resource: net::ERR_CONNECTION_REFUSED @ http://localhost:8083/ws-notifications/info?t=1782021569696:0
[  766489ms] [ERROR] Failed to load resource: net::ERR_CONNECTION_REFUSED @ http://localhost:8083/ws-notifications/info?t=1782021574701:0
[  771493ms] [ERROR] Failed to load resource: net::ERR_CONNECTION_REFUSED @ http://localhost:8083/ws-notifications/info?t=1782021579705:0
[  776494ms] [ERROR] Failed to load resource: net::ERR_CONNECTION_REFUSED @ http://localhost:8083/ws-notifications/info?t=1782021584709:0
[  781496ms] [ERROR] Failed to load resource: net::ERR_CONNECTION_REFUSED @ http://localhost:8083/ws-notifications/info?t=1782021589710:0
[  786497ms] [ERROR] Failed to load resource: net::ERR_CONNECTION_REFUSED @ http://localhost:8083/ws-notifications/info?t=1782021594712:0
[  791504ms] [ERROR] Failed to load resource: net::ERR_CONNECTION_REFUSED @ http://localhost:8083/ws-notifications/info?t=1782021599714:0
[  796509ms] [ERROR] Failed to load resource: net::ERR_CONNECTION_REFUSED @ http://localhost:8083/ws-notifications/info?t=1782021604721:0
[  801511ms] [ERROR] Failed to load resource: net::ERR_CONNECTION_REFUSED @ http://localhost:8083/ws-notifications/info?t=1782021609725:0
[  806514ms] [ERROR] Failed to load resource: net::ERR_CONNECTION_REFUSED @ http://localhost:8083/ws-notifications/info?t=1782021614728:0
[  811515ms] [ERROR] Failed to load resource: net::ERR_CONNECTION_REFUSED @ http://localhost:8083/ws-notifications/info?t=1782021619730:0
[  816517ms] [ERROR] Failed to load resource: net::ERR_CONNECTION_REFUSED @ http://localhost:8083/ws-notifications/info?t=1782021624731:0
[  821519ms] [ERROR] Failed to load resource: net::ERR_CONNECTION_REFUSED @ http://localhost:8083/ws-notifications/info?t=1782021629733:0
[  826522ms] [ERROR] Failed to load resource: net::ERR_CONNECTION_REFUSED @ http://localhost:8083/ws-notifications/info?t=1782021634736:0
[  831525ms] [ERROR] Failed to load resource: net::ERR_CONNECTION_REFUSED @ http://localhost:8083/ws-notifications/info?t=1782021639739:0
[  836527ms] [ERROR] Failed to load resource: net::ERR_CONNECTION_REFUSED @ http://localhost:8083/ws-notifications/info?t=1782021644741:0
[  841531ms] [ERROR] Failed to load resource: net::ERR_CONNECTION_REFUSED @ http://localhost:8083/ws-notifications/info?t=1782021649743:0
[  846533ms] [ERROR] Failed to load resource: net::ERR_CONNECTION_REFUSED @ http://localhost:8083/ws-notifications/info?t=1782021654747:0
[  851534ms] [ERROR] Failed to load resource: net::ERR_CONNECTION_REFUSED @ http://localhost:8083/ws-notifications/info?t=1782021659749:0
[  856536ms] [ERROR] Failed to load resource: net::ERR_CONNECTION_REFUSED @ http://localhost:8083/ws-notifications/info?t=1782021664750:0
[  861538ms] [ERROR] Failed to load resource: net::ERR_CONNECTION_REFUSED @ http://localhost:8083/ws-notifications/info?t=1782021669752:0
[  866540ms] [ERROR] Failed to load resource: net::ERR_CONNECTION_REFUSED @ http://localhost:8083/ws-notifications/info?t=1782021674754:0
[  871542ms] [ERROR] Failed to load resource: net::ERR_CONNECTION_REFUSED @ http://localhost:8083/ws-notifications/info?t=1782021679756:0
[  876544ms] [ERROR] Failed to load resource: net::ERR_CONNECTION_REFUSED @ http://localhost:8083/ws-notifications/info?t=1782021684758:0
[  881548ms] [ERROR] Failed to load resource: net::ERR_CONNECTION_REFUSED @ http://localhost:8083/ws-notifications/info?t=1782021689760:0
[  886550ms] [ERROR] Failed to load resource: net::ERR_CONNECTION_REFUSED @ http://localhost:8083/ws-notifications/info?t=1782021694764:0
[  891552ms] [ERROR] Failed to load resource: net::ERR_CONNECTION_REFUSED @ http://localhost:8083/ws-notifications/info?t=1782021699766:0
[  896555ms] [ERROR] Failed to load resource: net::ERR_CONNECTION_REFUSED @ http://localhost:8083/ws-notifications/info?t=1782021704769:0
[  901557ms] [ERROR] Failed to load resource: net::ERR_CONNECTION_REFUSED @ http://localhost:8083/ws-notifications/info?t=1782021709771:0
[  906561ms] [ERROR] Failed to load resource: net::ERR_CONNECTION_REFUSED @ http://localhost:8083/ws-notifications/info?t=1782021714773:0
[  911563ms] [ERROR] Failed to load resource: net::ERR_CONNECTION_REFUSED @ http://localhost:8083/ws-notifications/info?t=1782021719777:0
[  916565ms] [ERROR] Failed to load resource: net::ERR_CONNECTION_REFUSED @ http://localhost:8083/ws-notifications/info?t=1782021724779:0
[  921566ms] [ERROR] Failed to load resource: net::ERR_CONNECTION_REFUSED @ http://localhost:8083/ws-notifications/info?t=1782021729780:0
[  926571ms] [ERROR] Failed to load resource: net::ERR_CONNECTION_REFUSED @ http://localhost:8083/ws-notifications/info?t=1782021734783:0
[  931573ms] [ERROR] Failed to load resource: net::ERR_CONNECTION_REFUSED @ http://localhost:8083/ws-notifications/info?t=1782021739787:0
[  936575ms] [ERROR] Failed to load resource: net::ERR_CONNECTION_REFUSED @ http://localhost:8083/ws-notifications/info?t=1782021744789:0
[  941579ms] [ERROR] Failed to load resource: net::ERR_CONNECTION_REFUSED @ http://localhost:8083/ws-notifications/info?t=1782021749791:0
[  946584ms] [ERROR] Failed to load resource: net::ERR_CONNECTION_REFUSED @ http://localhost:8083/ws-notifications/info?t=1782021754796:0
[  951587ms] [ERROR] Failed to load resource: net::ERR_CONNECTION_REFUSED @ http://localhost:8083/ws-notifications/info?t=1782021759800:0
[  956589ms] [ERROR] Failed to load resource: net::ERR_CONNECTION_REFUSED @ http://localhost:8083/ws-notifications/info?t=1782021764803:0
[  961593ms] [ERROR] Failed to load resource: net::ERR_CONNECTION_REFUSED @ http://localhost:8083/ws-notifications/info?t=1782021769805:0
[  966594ms] [ERROR] Failed to load resource: net::ERR_CONNECTION_REFUSED @ http://localhost:8083/ws-notifications/info?t=1782021774809:0
[  971596ms] [ERROR] Failed to load resource: net::ERR_CONNECTION_REFUSED @ http://localhost:8083/ws-notifications/info?t=1782021779810:0
[  976598ms] [ERROR] Failed to load resource: net::ERR_CONNECTION_REFUSED @ http://localhost:8083/ws-notifications/info?t=1782021784812:0
[  981600ms] [ERROR] Failed to load resource: net::ERR_CONNECTION_REFUSED @ http://localhost:8083/ws-notifications/info?t=1782021789814:0
[  986602ms] [ERROR] Failed to load resource: net::ERR_CONNECTION_REFUSED @ http://localhost:8083/ws-notifications/info?t=1782021794816:0
[  991606ms] [ERROR] Failed to load resource: net::ERR_CONNECTION_REFUSED @ http://localhost:8083/ws-notifications/info?t=1782021799818:0
[  996611ms] [ERROR] Failed to load resource: net::ERR_CONNECTION_REFUSED @ http://localhost:8083/ws-notifications/info?t=1782021804823:0
[ 1001615ms] [ERROR] Failed to load resource: net::ERR_CONNECTION_REFUSED @ http://localhost:8083/ws-notifications/info?t=1782021809828:0
[ 1006620ms] [ERROR] Failed to load resource: net::ERR_CONNECTION_REFUSED @ http://localhost:8083/ws-notifications/info?t=1782021814832:0
[ 1011625ms] [ERROR] Failed to load resource: net::ERR_CONNECTION_REFUSED @ http://localhost:8083/ws-notifications/info?t=1782021819837:0
[ 1016626ms] [ERROR] Failed to load resource: net::ERR_CONNECTION_REFUSED @ http://localhost:8083/ws-notifications/info?t=1782021824841:0
[ 1021628ms] [ERROR] Failed to load resource: net::ERR_CONNECTION_REFUSED @ http://localhost:8083/ws-notifications/info?t=1782021829842:0
[ 1026630ms] [ERROR] Failed to load resource: net::ERR_CONNECTION_REFUSED @ http://localhost:8083/ws-notifications/info?t=1782021834844:0
[ 1031631ms] [ERROR] Failed to load resource: net::ERR_CONNECTION_REFUSED @ http://localhost:8083/ws-notifications/info?t=1782021839845:0
[ 1036633ms] [ERROR] Failed to load resource: net::ERR_CONNECTION_REFUSED @ http://localhost:8083/ws-notifications/info?t=1782021844847:0
[ 1041636ms] [ERROR] Failed to load resource: net::ERR_CONNECTION_REFUSED @ http://localhost:8083/ws-notifications/info?t=1782021849850:0
[ 1046640ms] [ERROR] Failed to load resource: net::ERR_CONNECTION_REFUSED @ http://localhost:8083/ws-notifications/info?t=1782021854853:0
[ 1051642ms] [ERROR] Failed to load resource: net::ERR_CONNECTION_REFUSED @ http://localhost:8083/ws-notifications/info?t=1782021859856:0
[ 1056647ms] [ERROR] Failed to load resource: net::ERR_CONNECTION_REFUSED @ http://localhost:8083/ws-notifications/info?t=1782021864859:0
[ 1061651ms] [ERROR] Failed to load resource: net::ERR_CONNECTION_REFUSED @ http://localhost:8083/ws-notifications/info?t=1782021869863:0
[ 1066654ms] [ERROR] Failed to load resource: net::ERR_CONNECTION_REFUSED @ http://localhost:8083/ws-notifications/info?t=1782021874868:0
[ 1071657ms] [ERROR] Failed to load resource: net::ERR_CONNECTION_REFUSED @ http://localhost:8083/ws-notifications/info?t=1782021879870:0
[ 1076659ms] [ERROR] Failed to load resource: net::ERR_CONNECTION_REFUSED @ http://localhost:8083/ws-notifications/info?t=1782021884873:0
